#
# A fatal error has been detected by the Java Runtime Environment:
#
#  EXCEPTION_ACCESS_VIOLATION (0xc0000005) at pc=0x00007ffb93284568, pid=33156, tid=16436
#
# JRE version: Java(TM) SE Runtime Environment (11.0.2+9) (build 11.0.2+9-LTS)
# Java VM: Java HotSpot(TM) 64-Bit Server VM (11.0.2+9-LTS, mixed mode, tiered, compressed oops, g1 gc, windows-amd64)
# Problematic frame:
# C  0x00007ffb93284568
#
# No core dump will be written. Minidumps are not enabled by default on client versions of Windows
#
# If you would like to submit a bug report, please visit:
#   http://bugreport.java.com/bugreport/crash.jsp
#

---------------  S U M M A R Y ------------

Command Line: -Dfile.encoding=UTF8 -ea -Xmx1024m 

Host: Intel(R) Core(TM) i5-6200U CPU @ 2.30GHz, 4 cores, 7G,  Windows 10 , 64 bit Build 17134 (10.0.17134.753)
Time: Fri May 17 20:53:14 2019 ¢¥eCN©öI¡¾©ö C¡ÍA¨ª¨öA elapsed time: 31 seconds (0d 0h 0m 31s)

---------------  T H R E A D  ---------------

Current thread (0x00000191eb5b3800):  JavaThread "main" [_thread_in_vm, id=16436, stack(0x000000428fd70000,0x000000428ff60000)]

Stack: [0x000000428fd70000,0x000000428ff60000],  sp=0x000000428ff548d0,  free space=1938k
Native frames: (J=compiled Java code, j=interpreted, Vv=VM code, C=native code)
C  0x00007ffb93284568
C  0x00007ffb935b9ce7
C  0x00007ffb935bbd88
C  0x00007ffb935bbe9d
C  0x00007ffb93314e88
C  0x000001918fd2b993

Java frames: (J=compiled Java code, j=interpreted, Vv=VM code)
J 388  java.lang.String.intern()Ljava/lang/String; java.base@11.0.2 (0 bytes) @ 0x000001918fd2b8fb [0x000001918fd2b8c0+0x000000000000003b]
j  java.io.ObjectStreamField.<init>(Ljava/lang/reflect/Field;ZZ)V+57 java.base@11.0.2
j  java.io.ObjectStreamClass.getDefaultSerialFields(Ljava/lang/Class;)[Ljava/io/ObjectStreamField;+50 java.base@11.0.2
j  java.io.ObjectStreamClass.getSerialFields(Ljava/lang/Class;)[Ljava/io/ObjectStreamField;+42 java.base@11.0.2
j  java.io.ObjectStreamClass$2.run()Ljava/lang/Void;+77 java.base@11.0.2
j  java.io.ObjectStreamClass$2.run()Ljava/lang/Object;+1 java.base@11.0.2
v  ~StubRoutines::call_stub
j  java.security.AccessController.doPrivileged(Ljava/security/PrivilegedAction;)Ljava/lang/Object;+0 java.base@11.0.2
j  java.io.ObjectStreamClass.<init>(Ljava/lang/Class;)V+103 java.base@11.0.2
j  java.io.ObjectStreamClass.lookup(Ljava/lang/Class;Z)Ljava/io/ObjectStreamClass;+211 java.base@11.0.2
j  java.io.ObjectStreamClass.initNonProxy(Ljava/io/ObjectStreamClass;Ljava/lang/Class;Ljava/lang/ClassNotFoundException;Ljava/io/ObjectStreamClass;)V+21 java.base@11.0.2
j  java.io.ObjectInputStream.readNonProxyDesc(Z)Ljava/io/ObjectStreamClass;+190 java.base@11.0.2
J 2905 c1 java.io.ObjectInputStream.readClassDesc(Z)Ljava/io/ObjectStreamClass; java.base@11.0.2 (119 bytes) @ 0x0000019188d28d6c [0x0000019188d28a00+0x000000000000036c]
J 2921 c1 java.io.ObjectInputStream.readOrdinaryObject(Z)Ljava/lang/Object; java.base@11.0.2 (320 bytes) @ 0x0000019188d2dcac [0x0000019188d2db40+0x000000000000016c]
j  java.io.ObjectInputStream.readObject0(Z)Ljava/lang/Object;+401 java.base@11.0.2
J 2978 c2 java.util.ArrayList.readObject(Ljava/io/ObjectInputStream;)V java.base@11.0.2 (118 bytes) @ 0x000001918fee777c [0x000001918fee6f40+0x000000000000083c]
J 2975 c2 java.io.ObjectStreamClass.invokeReadObject(Ljava/lang/Object;Ljava/io/ObjectInputStream;)V java.base@11.0.2 (93 bytes) @ 0x000001918feeccd4 [0x000001918feecc40+0x0000000000000094]
j  java.io.ObjectInputStream.readSerialData(Ljava/lang/Object;Ljava/io/ObjectStreamClass;)V+185 java.base@11.0.2
J 2921 c1 java.io.ObjectInputStream.readOrdinaryObject(Z)Ljava/lang/Object; java.base@11.0.2 (320 bytes) @ 0x0000019188d2e3f4 [0x0000019188d2db40+0x00000000000008b4]
j  java.io.ObjectInputStream.readObject0(Z)Ljava/lang/Object;+401 java.base@11.0.2
J 2949 c2 java.io.ObjectInputStream.readObject()Ljava/lang/Object; java.base@11.0.2 (134 bytes) @ 0x000001918fef07b0 [0x000001918fef0760+0x0000000000000050]
j  kr.co.shineware.ds.aho_corasick.model.AhoCorasickNode.load(Ljava/io/ObjectInputStream;Z)V+14
j  kr.co.shineware.ds.aho_corasick.model.AhoCorasickNode.load(Ljava/io/ObjectInputStream;Z)V+66
j  kr.co.shineware.ds.aho_corasick.model.AhoCorasickNode.load(Ljava/io/ObjectInputStream;Z)V+66
j  kr.co.shineware.ds.aho_corasick.model.AhoCorasickNode.load(Ljava/lang/String;)V+33
j  kr.co.shineware.ds.aho_corasick.AhoCorasickDictionary.load(Ljava/lang/String;)V+5
j  kr.co.shineware.nlp.komoran.modeler.model.IrregularTrie.load(Ljava/lang/String;)V+5
j  kr.co.shineware.nlp.komoran.core.model.Resources.load(Ljava/lang/String;)V+129
j  kr.co.shineware.nlp.komoran.core.Komoran.load(Ljava/lang/String;)V+5
j  kr.co.shineware.nlp.komoran.core.Komoran.<init>(Ljava/lang/String;)V+17
v  ~StubRoutines::call_stub

siginfo: EXCEPTION_ACCESS_VIOLATION (0xc0000005), reading address 0x000000000000000c


Register to memory mapping:

RIP=0x00007ffb93284568 points into unknown readable memory: 48 63 0c 30 85 c9 7e 3d
RAX=0x000000000000000c is an unknown value
RBX=0x0 is NULL
RCX=0x0 is NULL
RDX=0x0000000000000001 is an unknown value
RSP=0x000000428ff548d0 is pointing into the stack for thread: 0x00000191eb5b3800
RBP=0x00000000c0011788 is an oop: [B 
{0x00000000c0011788} - klass: {type array byte}
 - length: 0
RSI=0x0 is NULL
RDI=0x0 is NULL
R8 =0x0 is NULL
R9 =0x0000000000000014 is an unknown value
R10=0x00000191f2eebce0 points into unknown readable memory: 5b 42 00 f9 91 01 00 00
R11=0x000001918fd2b8d8 is at entry_point+24 in (nmethod*)0x000001918fd2b710
R12=0x0000000000000010 is an unknown value
R13=0x000000000000000c is an unknown value
R14=0x00000000c0011770 is an oop: java.lang.String 
{0x00000000c0011770} - klass: 'java/lang/String'
R15=0x00000191f8756101 points into unknown readable memory: 00 00 00 00 00 00 00


Registers:
RAX=0x000000000000000c, RBX=0x0000000000000000, RCX=0x0000000000000000, RDX=0x0000000000000001
RSP=0x000000428ff548d0, RBP=0x00000000c0011788, RSI=0x0000000000000000, RDI=0x0000000000000000
R8 =0x0000000000000000, R9 =0x0000000000000014, R10=0x00000191f2eebce0, R11=0x000001918fd2b8d8
R12=0x0000000000000010, R13=0x000000000000000c, R14=0x00000000c0011770, R15=0x00000191f8756101
RIP=0x00007ffb93284568, EFLAGS=0x0000000000010202

Top of Stack: (sp=0x000000428ff548d0)
0x000000428ff548d0:   000000000000000a 00000191f87563c8
0x000000428ff548e0:   00000191fdbbecd0 00007ffb935babe6
0x000000428ff548f0:   00000191f8756180 0000000000000000
0x000000428ff54900:   00000191f32c90e0 000000428ff55238
0x000000428ff54910:   00000191f885b530 00007ffb935b9ce7
0x000000428ff54920:   00000191f885b530 0000000000000000
0x000000428ff54930:   0000000000000000 00000191ff0b5660
0x000000428ff54940:   00000191e72a7400 00000191eb5b3800
0x000000428ff54950:   0000000000000001 0000000000000000
0x000000428ff54960:   0000000000000000 0000000000000000
0x000000428ff54970:   000000428ff55220 00000191f885b530
0x000000428ff54980:   0000000000000000 000000428ff55220
0x000000428ff54990:   0000000000001520 000000428ff552d0
0x000000428ff549a0:   00000042ff310f98 00000042ff2ddcd0
0x000000428ff549b0:   00000000000000ab 00000000000000ad
0x000000428ff549c0:   0000019188277410 00000042ff2c0330 

Instructions: (pc=0x00007ffb93284568)
0x00007ffb93284548:   0f 44 c1 49 8b c1 41 3b f8 75 5e 43 38 1c 31 0f
0x00007ffb93284558:   94 c0 44 3a f8 75 52 84 d2 49 8b c4 49 0f 45 c5
0x00007ffb93284568:   48 63 0c 30 85 c9 7e 3d 4c 8b c1 0f 1f 40 00 66
0x00007ffb93284578:   0f 1f 84 00 00 00 00 00 84 d2 b8 18 00 00 00 49 


Stack slot to memory mapping:
stack at sp + 0 slots: 0x000000000000000a is an unknown value
stack at sp + 1 slots: 0x00000191f87563c8 points into unknown readable memory: d0 ec bb fd 91 01 00 00
stack at sp + 2 slots: 0x00000191fdbbecd0 points into unknown readable memory: 00 00 00 00 00 00 00 00
stack at sp + 3 slots: 0x00007ffb935babe6 points into unknown readable memory: 48 8b
stack at sp + 4 slots: 0x00000191f8756180 points into unknown readable memory: 30 b5 85 f8 91 01 00 00
stack at sp + 5 slots: 0x0 is NULL
stack at sp + 6 slots: 0x00000191f32c90e0 points into unknown readable memory: 01 00 00 00 00 00 00 00
stack at sp + 7 slots: 0x000000428ff55238 is pointing into the stack for thread: 0x00000191eb5b3800


---------------  P R O C E S S  ---------------

Threads class SMR info:
_java_thread_list=0x00000191fd86e160, length=13, elements={
0x00000191eb5b3800, 0x00000191eb5b1000, 0x00000191eb5b4800, 0x00000191eb5b2800,
0x00000191eb5b7800, 0x00000191f859c800, 0x00000191eb585800, 0x00000191f88d1000,
0x00000191f88cd800, 0x00000191f88cf000, 0x00000191f88d4000, 0x00000191f88ce800,
0x00000191f88d5000
}

Java Threads: ( => current thread )
=>0x00000191eb5b3800 JavaThread "main" [_thread_in_vm, id=16436, stack(0x000000428fd70000,0x000000428ff60000)]
  0x00000191eb5b1000 JavaThread "Reference Handler" daemon [_thread_blocked, id=39140, stack(0x0000004290cf0000,0x0000004290ee0000)]
  0x00000191eb5b4800 JavaThread "Finalizer" daemon [_thread_blocked, id=33444, stack(0x0000004290ee0000,0x00000042910d0000)]
  0x00000191eb5b2800 JavaThread "Signal Dispatcher" daemon [_thread_blocked, id=2776, stack(0x00000042910d0000,0x00000042912c0000)]
  0x00000191eb5b7800 JavaThread "Attach Listener" daemon [_thread_blocked, id=33084, stack(0x00000042912c0000,0x00000042914b0000)]
  0x00000191f859c800 JavaThread "C2 CompilerThread0" daemon [_thread_blocked, id=26292, stack(0x00000042914b0000,0x00000042916a0000)]
  0x00000191eb585800 JavaThread "C1 CompilerThread0" daemon [_thread_blocked, id=30192, stack(0x00000042916a0000,0x0000004291890000)]
  0x00000191f88d1000 JavaThread "Sweeper thread" daemon [_thread_blocked, id=21856, stack(0x0000004291890000,0x0000004291a80000)]
  0x00000191f88cd800 JavaThread "Service Thread" daemon [_thread_blocked, id=3884, stack(0x0000004291a80000,0x0000004291c70000)]
  0x00000191f88cf000 JavaThread "Thread-0" [_thread_blocked, id=25116, stack(0x0000004291e60000,0x0000004292050000)]
  0x00000191f88d4000 JavaThread "Common-Cleaner" daemon [_thread_blocked, id=8124, stack(0x0000004292050000,0x0000004292240000)]
  0x00000191f88ce800 JavaThread "Thread-1" [_thread_in_native, id=18080, stack(0x0000004292240000,0x0000004292430000)]
  0x00000191f88d5000 JavaThread "Thread-2" [_thread_in_native, id=41296, stack(0x0000004292430000,0x0000004292620000)]

Other Threads:
  0x00000191f2d37000 VMThread "VM Thread" [stack: 0x0000004290b00000,0x0000004290cf0000] [id=25592]
  0x00000191f8a4d000 WatcherThread [stack: 0x0000004291c70000,0x0000004291e60000] [id=32708]
  0x00000191f3464000 GCTaskThread "GC Thread#0" [stack: 0x000000428ff60000,0x0000004290150000] [id=21900]
  0x00000191f2d35800 GCTaskThread "GC Thread#1" [stack: 0x0000004292620000,0x0000004292810000] [id=44536]
  0x00000191f2d33800 GCTaskThread "GC Thread#2" [stack: 0x0000004292810000,0x0000004292a00000] [id=7004]
  0x00000191f2d35000 GCTaskThread "GC Thread#3" [stack: 0x0000004292a00000,0x0000004292bf0000] [id=23280]
  0x00000191f862d000 ConcurrentGCThread "G1 Main Marker" [stack: 0x0000004290340000,0x0000004290530000] [id=27096]
  0x00000191f3902000 ConcurrentGCThread "G1 Conc#0" [stack: 0x0000004290530000,0x0000004290720000] [id=34920]
  0x00000191f3490000 ConcurrentGCThread "G1 Refine#0" [stack: 0x0000004290720000,0x0000004290910000] [id=26484]
  0x00000191fdceb800 ConcurrentGCThread "G1 Refine#1" [stack: 0x0000004292bf0000,0x0000004292de0000] [id=36116]
  0x00000191fd7fe800 ConcurrentGCThread "G1 Refine#2" [stack: 0x0000004292430000,0x0000004292620000] [id=21196]
  0x00000191fcda8000 ConcurrentGCThread "G1 Refine#3" [stack: 0x0000004292de0000,0x0000004292fd0000] [id=35672]
  0x00000191f3684000 ConcurrentGCThread "G1 Young RemSet Sampling" [stack: 0x0000004290910000,0x0000004290b00000] [id=36748]

Threads with active compile tasks:

VM state:synchronizing (normal execution)

VM Mutex/Monitor currently owned by a thread:  ([mutex/lock_event])
[0x00000191f336dd10] Threads_lock - owner thread: 0x00000191f2d37000
[0x00000191f336d2f0] Heap_lock - owner thread: 0x00000191f862d000

Heap address: 0x00000000c0000000, size: 1024 MB, Compressed Oops mode: 32-bit
Narrow klass base: 0x0000000000000000, Narrow klass shift: 3
Compressed class space size: 1073741824 Address: 0x0000000100000000

Heap:
 garbage-first heap   total 302080K, used 295936K [0x00000000c0000000, 0x0000000100000000)
  region size 1024K, 13 young (13312K), 2 survivors (2048K)
 Metaspace       used 15589K, capacity 15936K, committed 16128K, reserved 1062912K
  class space    used 2034K, capacity 2192K, committed 2304K, reserved 1048576K
Heap Regions: E=young(eden), S=young(survivor), O=old, HS=humongous(starts), HC=humongous(continues), CS=collection set, F=free, A=archive, TAMS=top-at-mark-start (previous, next)
|   0|0x00000000c0000000, 0x00000000c0100000, 0x00000000c0100000|100%| O|  |TAMS 0x00000000c0100000, 0x00000000c0100000| Untracked 
|   1|0x00000000c0100000, 0x00000000c0200000, 0x00000000c0200000|100%| O|  |TAMS 0x00000000c0200000, 0x00000000c0200000| Untracked 
|   2|0x00000000c0200000, 0x00000000c0300000, 0x00000000c0300000|100%| O|  |TAMS 0x00000000c0300000, 0x00000000c0300000| Untracked 
|   3|0x00000000c0300000, 0x00000000c0400000, 0x00000000c0400000|100%| O|  |TAMS 0x00000000c0400000, 0x00000000c0400000| Untracked 
|   4|0x00000000c0400000, 0x00000000c0500000, 0x00000000c0500000|100%| O|  |TAMS 0x00000000c0500000, 0x00000000c0500000| Untracked 
|   5|0x00000000c0500000, 0x00000000c0600000, 0x00000000c0600000|100%|HS|  |TAMS 0x00000000c0600000, 0x00000000c0600000| Complete 
|   6|0x00000000c0600000, 0x00000000c0700000, 0x00000000c0700000|100%|HC|  |TAMS 0x00000000c0700000, 0x00000000c0700000| Complete 
|   7|0x00000000c0700000, 0x00000000c0800000, 0x00000000c0800000|100%|HS|  |TAMS 0x00000000c0800000, 0x00000000c0800000| Complete 
|   8|0x00000000c0800000, 0x00000000c0900000, 0x00000000c0900000|100%|HC|  |TAMS 0x00000000c0900000, 0x00000000c0900000| Complete 
|   9|0x00000000c0900000, 0x00000000c0a00000, 0x00000000c0a00000|100%| O|  |TAMS 0x00000000c0a00000, 0x00000000c0a00000| Untracked 
|  10|0x00000000c0a00000, 0x00000000c0b00000, 0x00000000c0b00000|100%| O|  |TAMS 0x00000000c0b00000, 0x00000000c0b00000| Untracked 
|  11|0x00000000c0b00000, 0x00000000c0c00000, 0x00000000c0c00000|100%| O|  |TAMS 0x00000000c0c00000, 0x00000000c0c00000| Untracked 
|  12|0x00000000c0c00000, 0x00000000c0d00000, 0x00000000c0d00000|100%|HS|  |TAMS 0x00000000c0c00000, 0x00000000c0d00000| Complete 
|  13|0x00000000c0d00000, 0x00000000c0e00000, 0x00000000c0e00000|100%| O|  |TAMS 0x00000000c0d00000, 0x00000000c0e00000| Untracked 
|  14|0x00000000c0e00000, 0x00000000c0f00000, 0x00000000c0f00000|100%| O|  |TAMS 0x00000000c0f00000, 0x00000000c0f00000| Untracked 
|  15|0x00000000c0f00000, 0x00000000c1000000, 0x00000000c1000000|100%| O|  |TAMS 0x00000000c1000000, 0x00000000c1000000| Untracked 
|  16|0x00000000c1000000, 0x00000000c1100000, 0x00000000c1100000|100%|HS|  |TAMS 0x00000000c1100000, 0x00000000c1100000| Complete 
|  17|0x00000000c1100000, 0x00000000c1200000, 0x00000000c1200000|100%|HS|  |TAMS 0x00000000c1200000, 0x00000000c1200000| Complete 
|  18|0x00000000c1200000, 0x00000000c1300000, 0x00000000c1300000|100%| O|  |TAMS 0x00000000c1300000, 0x00000000c1300000| Untracked 
|  19|0x00000000c1300000, 0x00000000c1400000, 0x00000000c1400000|100%| O|  |TAMS 0x00000000c1400000, 0x00000000c1400000| Untracked 
|  20|0x00000000c1400000, 0x00000000c1500000, 0x00000000c1500000|100%| O|  |TAMS 0x00000000c1500000, 0x00000000c1500000| Untracked 
|  21|0x00000000c1500000, 0x00000000c1600000, 0x00000000c1600000|100%| O|  |TAMS 0x00000000c1600000, 0x00000000c1600000| Untracked 
|  22|0x00000000c1600000, 0x00000000c1700000, 0x00000000c1700000|100%| O|  |TAMS 0x00000000c1700000, 0x00000000c1700000| Untracked 
|  23|0x00000000c1700000, 0x00000000c1800000, 0x00000000c1800000|100%|HS|  |TAMS 0x00000000c1700000, 0x00000000c1800000| Complete 
|  24|0x00000000c1800000, 0x00000000c1900000, 0x00000000c1900000|100%| O|  |TAMS 0x00000000c1900000, 0x00000000c1900000| Untracked 
|  25|0x00000000c1900000, 0x00000000c1a00000, 0x00000000c1a00000|100%| O|  |TAMS 0x00000000c1900000, 0x00000000c1a00000| Untracked 
|  26|0x00000000c1a00000, 0x00000000c1b00000, 0x00000000c1b00000|100%| O|  |TAMS 0x00000000c1b00000, 0x00000000c1b00000| Untracked 
|  27|0x00000000c1b00000, 0x00000000c1c00000, 0x00000000c1c00000|100%| O|  |TAMS 0x00000000c1c00000, 0x00000000c1c00000| Untracked 
|  28|0x00000000c1c00000, 0x00000000c1d00000, 0x00000000c1d00000|100%| O|  |TAMS 0x00000000c1c00000, 0x00000000c1d00000| Untracked 
|  29|0x00000000c1d00000, 0x00000000c1e00000, 0x00000000c1e00000|100%| O|  |TAMS 0x00000000c1e00000, 0x00000000c1e00000| Untracked 
|  30|0x00000000c1e00000, 0x00000000c1f00000, 0x00000000c1f00000|100%| O|  |TAMS 0x00000000c1f00000, 0x00000000c1f00000| Untracked 
|  31|0x00000000c1f00000, 0x00000000c2000000, 0x00000000c2000000|100%| O|  |TAMS 0x00000000c2000000, 0x00000000c2000000| Untracked 
|  32|0x00000000c2000000, 0x00000000c2100000, 0x00000000c2100000|100%|HS|  |TAMS 0x00000000c2100000, 0x00000000c2100000| Complete 
|  33|0x00000000c2100000, 0x00000000c2200000, 0x00000000c2200000|100%|HC|  |TAMS 0x00000000c2200000, 0x00000000c2200000| Complete 
|  34|0x00000000c2200000, 0x00000000c2300000, 0x00000000c2300000|100%|HS|  |TAMS 0x00000000c2300000, 0x00000000c2300000| Complete 
|  35|0x00000000c2300000, 0x00000000c2400000, 0x00000000c2400000|100%|HC|  |TAMS 0x00000000c2400000, 0x00000000c2400000| Complete 
|  36|0x00000000c2400000, 0x00000000c2500000, 0x00000000c2500000|100%| O|  |TAMS 0x00000000c2500000, 0x00000000c2500000| Untracked 
|  37|0x00000000c2500000, 0x00000000c2600000, 0x00000000c2600000|100%| O|  |TAMS 0x00000000c2600000, 0x00000000c2600000| Untracked 
|  38|0x00000000c2600000, 0x00000000c2700000, 0x00000000c2700000|100%| O|  |TAMS 0x00000000c2700000, 0x00000000c2700000| Untracked 
|  39|0x00000000c2700000, 0x00000000c2800000, 0x00000000c2800000|100%| O|  |TAMS 0x00000000c2800000, 0x00000000c2800000| Untracked 
|  40|0x00000000c2800000, 0x00000000c2900000, 0x00000000c2900000|100%| O|  |TAMS 0x00000000c2900000, 0x00000000c2900000| Untracked 
|  41|0x00000000c2900000, 0x00000000c2a00000, 0x00000000c2a00000|100%| O|  |TAMS 0x00000000c2a00000, 0x00000000c2a00000| Untracked 
|  42|0x00000000c2a00000, 0x00000000c2b00000, 0x00000000c2b00000|100%| O|  |TAMS 0x00000000c2b00000, 0x00000000c2b00000| Untracked 
|  43|0x00000000c2b00000, 0x00000000c2c00000, 0x00000000c2c00000|100%| O|  |TAMS 0x00000000c2b00000, 0x00000000c2c00000| Untracked 
|  44|0x00000000c2c00000, 0x00000000c2d00000, 0x00000000c2d00000|100%|HS|  |TAMS 0x00000000c2d00000, 0x00000000c2d00000| Complete 
|  45|0x00000000c2d00000, 0x00000000c2e00000, 0x00000000c2e00000|100%|HC|  |TAMS 0x00000000c2e00000, 0x00000000c2e00000| Complete 
|  46|0x00000000c2e00000, 0x00000000c2f00000, 0x00000000c2f00000|100%|HS|  |TAMS 0x00000000c2f00000, 0x00000000c2f00000| Complete 
|  47|0x00000000c2f00000, 0x00000000c3000000, 0x00000000c3000000|100%|HC|  |TAMS 0x00000000c3000000, 0x00000000c3000000| Complete 
|  48|0x00000000c3000000, 0x00000000c3100000, 0x00000000c3100000|100%|HS|  |TAMS 0x00000000c3100000, 0x00000000c3100000| Complete 
|  49|0x00000000c3100000, 0x00000000c3200000, 0x00000000c3200000|100%| O|  |TAMS 0x00000000c3200000, 0x00000000c3200000| Untracked 
|  50|0x00000000c3200000, 0x00000000c3300000, 0x00000000c3300000|100%| O|  |TAMS 0x00000000c3300000, 0x00000000c3300000| Untracked 
|  51|0x00000000c3300000, 0x00000000c3400000, 0x00000000c3400000|100%| O|  |TAMS 0x00000000c3400000, 0x00000000c3400000| Untracked 
|  52|0x00000000c3400000, 0x00000000c3500000, 0x00000000c3500000|100%| O|  |TAMS 0x00000000c3500000, 0x00000000c3500000| Untracked 
|  53|0x00000000c3500000, 0x00000000c3600000, 0x00000000c3600000|100%| O|  |TAMS 0x00000000c3600000, 0x00000000c3600000| Untracked 
|  54|0x00000000c3600000, 0x00000000c3700000, 0x00000000c3700000|100%| O|  |TAMS 0x00000000c3700000, 0x00000000c3700000| Untracked 
|  55|0x00000000c3700000, 0x00000000c3800000, 0x00000000c3800000|100%| O|  |TAMS 0x00000000c3800000, 0x00000000c3800000| Untracked 
|  56|0x00000000c3800000, 0x00000000c3900000, 0x00000000c3900000|100%| O|  |TAMS 0x00000000c3800000, 0x00000000c3900000| Untracked 
|  57|0x00000000c3900000, 0x00000000c3a00000, 0x00000000c3a00000|100%| O|  |TAMS 0x00000000c3a00000, 0x00000000c3a00000| Untracked 
|  58|0x00000000c3a00000, 0x00000000c3b00000, 0x00000000c3b00000|100%| O|  |TAMS 0x00000000c3a00000, 0x00000000c3b00000| Untracked 
|  59|0x00000000c3b00000, 0x00000000c3c00000, 0x00000000c3c00000|100%| O|  |TAMS 0x00000000c3c00000, 0x00000000c3c00000| Untracked 
|  60|0x00000000c3c00000, 0x00000000c3d00000, 0x00000000c3d00000|100%| O|  |TAMS 0x00000000c3d00000, 0x00000000c3d00000| Untracked 
|  61|0x00000000c3d00000, 0x00000000c3e00000, 0x00000000c3e00000|100%| O|  |TAMS 0x00000000c3e00000, 0x00000000c3e00000| Untracked 
|  62|0x00000000c3e00000, 0x00000000c3f00000, 0x00000000c3f00000|100%| O|  |TAMS 0x00000000c3f00000, 0x00000000c3f00000| Untracked 
|  63|0x00000000c3f00000, 0x00000000c4000000, 0x00000000c4000000|100%| O|  |TAMS 0x00000000c4000000, 0x00000000c4000000| Untracked 
|  64|0x00000000c4000000, 0x00000000c4100000, 0x00000000c4100000|100%| O|  |TAMS 0x00000000c4100000, 0x00000000c4100000| Untracked 
|  65|0x00000000c4100000, 0x00000000c4200000, 0x00000000c4200000|100%| O|  |TAMS 0x00000000c4100000, 0x00000000c4200000| Untracked 
|  66|0x00000000c4200000, 0x00000000c4300000, 0x00000000c4300000|100%| O|  |TAMS 0x00000000c4300000, 0x00000000c4300000| Untracked 
|  67|0x00000000c4300000, 0x00000000c4400000, 0x00000000c4400000|100%| O|  |TAMS 0x00000000c4400000, 0x00000000c4400000| Untracked 
|  68|0x00000000c4400000, 0x00000000c4500000, 0x00000000c4500000|100%| O|  |TAMS 0x00000000c4500000, 0x00000000c4500000| Untracked 
|  69|0x00000000c4500000, 0x00000000c4600000, 0x00000000c4600000|100%| O|  |TAMS 0x00000000c4600000, 0x00000000c4600000| Untracked 
|  70|0x00000000c4600000, 0x00000000c4700000, 0x00000000c4700000|100%| O|  |TAMS 0x00000000c4700000, 0x00000000c4700000| Untracked 
|  71|0x00000000c4700000, 0x00000000c4800000, 0x00000000c4800000|100%| O|  |TAMS 0x00000000c4800000, 0x00000000c4800000| Untracked 
|  72|0x00000000c4800000, 0x00000000c4900000, 0x00000000c4900000|100%| O|  |TAMS 0x00000000c4900000, 0x00000000c4900000| Untracked 
|  73|0x00000000c4900000, 0x00000000c4a00000, 0x00000000c4a00000|100%| O|  |TAMS 0x00000000c4a00000, 0x00000000c4a00000| Untracked 
|  74|0x00000000c4a00000, 0x00000000c4b00000, 0x00000000c4b00000|100%| O|  |TAMS 0x00000000c4b00000, 0x00000000c4b00000| Untracked 
|  75|0x00000000c4b00000, 0x00000000c4c00000, 0x00000000c4c00000|100%| O|  |TAMS 0x00000000c4c00000, 0x00000000c4c00000| Untracked 
|  76|0x00000000c4c00000, 0x00000000c4d00000, 0x00000000c4d00000|100%| O|  |TAMS 0x00000000c4c88c00, 0x00000000c4d00000| Untracked 
|  77|0x00000000c4d00000, 0x00000000c4e00000, 0x00000000c4e00000|100%| O|  |TAMS 0x00000000c4d00000, 0x00000000c4e00000| Untracked 
|  78|0x00000000c4e00000, 0x00000000c4f00000, 0x00000000c4f00000|100%| O|  |TAMS 0x00000000c4e00000, 0x00000000c4f00000| Untracked 
|  79|0x00000000c4f00000, 0x00000000c5000000, 0x00000000c5000000|100%| O|  |TAMS 0x00000000c4f00000, 0x00000000c5000000| Untracked 
|  80|0x00000000c5000000, 0x00000000c5100000, 0x00000000c5100000|100%| O|  |TAMS 0x00000000c5000000, 0x00000000c5100000| Untracked 
|  81|0x00000000c5100000, 0x00000000c5200000, 0x00000000c5200000|100%| O|  |TAMS 0x00000000c5100000, 0x00000000c5200000| Untracked 
|  82|0x00000000c5200000, 0x00000000c5300000, 0x00000000c5300000|100%| O|  |TAMS 0x00000000c5200000, 0x00000000c5300000| Untracked 
|  83|0x00000000c5300000, 0x00000000c5400000, 0x00000000c5400000|100%| O|  |TAMS 0x00000000c5300000, 0x00000000c5400000| Untracked 
|  84|0x00000000c5400000, 0x00000000c5500000, 0x00000000c5500000|100%| O|  |TAMS 0x00000000c5400000, 0x00000000c5500000| Untracked 
|  85|0x00000000c5500000, 0x00000000c5600000, 0x00000000c5600000|100%| O|  |TAMS 0x00000000c5500000, 0x00000000c5600000| Untracked 
|  86|0x00000000c5600000, 0x00000000c5700000, 0x00000000c5700000|100%| O|  |TAMS 0x00000000c5600000, 0x00000000c5700000| Untracked 
|  87|0x00000000c5700000, 0x00000000c5800000, 0x00000000c5800000|100%| O|  |TAMS 0x00000000c5700000, 0x00000000c5800000| Untracked 
|  88|0x00000000c5800000, 0x00000000c5900000, 0x00000000c5900000|100%| O|  |TAMS 0x00000000c5800000, 0x00000000c5900000| Untracked 
|  89|0x00000000c5900000, 0x00000000c5a00000, 0x00000000c5a00000|100%| O|  |TAMS 0x00000000c5900000, 0x00000000c5a00000| Untracked 
|  90|0x00000000c5a00000, 0x00000000c5b00000, 0x00000000c5b00000|100%| O|  |TAMS 0x00000000c5a00000, 0x00000000c5b00000| Untracked 
|  91|0x00000000c5b00000, 0x00000000c5c00000, 0x00000000c5c00000|100%| O|  |TAMS 0x00000000c5b00000, 0x00000000c5c00000| Untracked 
|  92|0x00000000c5c00000, 0x00000000c5d00000, 0x00000000c5d00000|100%| O|  |TAMS 0x00000000c5c00000, 0x00000000c5d00000| Untracked 
|  93|0x00000000c5d00000, 0x00000000c5e00000, 0x00000000c5e00000|100%| O|  |TAMS 0x00000000c5d00000, 0x00000000c5e00000| Untracked 
|  94|0x00000000c5e00000, 0x00000000c5f00000, 0x00000000c5f00000|100%| O|  |TAMS 0x00000000c5e00000, 0x00000000c5f00000| Untracked 
|  95|0x00000000c5f00000, 0x00000000c6000000, 0x00000000c6000000|100%| O|  |TAMS 0x00000000c5f00000, 0x00000000c6000000| Untracked 
|  96|0x00000000c6000000, 0x00000000c6100000, 0x00000000c6100000|100%|HS|  |TAMS 0x00000000c6000000, 0x00000000c6100000| Complete 
|  97|0x00000000c6100000, 0x00000000c6200000, 0x00000000c6200000|100%|HC|  |TAMS 0x00000000c6100000, 0x00000000c6200000| Complete 
|  98|0x00000000c6200000, 0x00000000c6300000, 0x00000000c6300000|100%|HS|  |TAMS 0x00000000c6200000, 0x00000000c6300000| Complete 
|  99|0x00000000c6300000, 0x00000000c6400000, 0x00000000c6400000|100%|HC|  |TAMS 0x00000000c6300000, 0x00000000c6400000| Complete 
| 100|0x00000000c6400000, 0x00000000c6500000, 0x00000000c6500000|100%| O|  |TAMS 0x00000000c6400000, 0x00000000c6500000| Untracked 
| 101|0x00000000c6500000, 0x00000000c6600000, 0x00000000c6600000|100%| O|  |TAMS 0x00000000c6500000, 0x00000000c6600000| Untracked 
| 102|0x00000000c6600000, 0x00000000c6700000, 0x00000000c6700000|100%| O|  |TAMS 0x00000000c6600000, 0x00000000c6700000| Untracked 
| 103|0x00000000c6700000, 0x00000000c6800000, 0x00000000c6800000|100%| O|  |TAMS 0x00000000c6700000, 0x00000000c6800000| Untracked 
| 104|0x00000000c6800000, 0x00000000c6900000, 0x00000000c6900000|100%| O|  |TAMS 0x00000000c6800000, 0x00000000c6900000| Untracked 
| 105|0x00000000c6900000, 0x00000000c6a00000, 0x00000000c6a00000|100%| O|  |TAMS 0x00000000c6900000, 0x00000000c6a00000| Untracked 
| 106|0x00000000c6a00000, 0x00000000c6b00000, 0x00000000c6b00000|100%| O|  |TAMS 0x00000000c6a00000, 0x00000000c6b00000| Untracked 
| 107|0x00000000c6b00000, 0x00000000c6c00000, 0x00000000c6c00000|100%| O|  |TAMS 0x00000000c6b00000, 0x00000000c6c00000| Untracked 
| 108|0x00000000c6c00000, 0x00000000c6d00000, 0x00000000c6d00000|100%| O|  |TAMS 0x00000000c6c00000, 0x00000000c6d00000| Untracked 
| 109|0x00000000c6d00000, 0x00000000c6e00000, 0x00000000c6e00000|100%| O|  |TAMS 0x00000000c6d00000, 0x00000000c6e00000| Untracked 
| 110|0x00000000c6e00000, 0x00000000c6f00000, 0x00000000c6f00000|100%| O|  |TAMS 0x00000000c6e00000, 0x00000000c6f00000| Untracked 
| 111|0x00000000c6f00000, 0x00000000c7000000, 0x00000000c7000000|100%| O|  |TAMS 0x00000000c6f00000, 0x00000000c7000000| Untracked 
| 112|0x00000000c7000000, 0x00000000c7100000, 0x00000000c7100000|100%| O|  |TAMS 0x00000000c7000000, 0x00000000c7100000| Untracked 
| 113|0x00000000c7100000, 0x00000000c7200000, 0x00000000c7200000|100%| O|  |TAMS 0x00000000c7100000, 0x00000000c7200000| Untracked 
| 114|0x00000000c7200000, 0x00000000c7300000, 0x00000000c7300000|100%| O|  |TAMS 0x00000000c7200000, 0x00000000c7300000| Untracked 
| 115|0x00000000c7300000, 0x00000000c7400000, 0x00000000c7400000|100%| O|  |TAMS 0x00000000c7300000, 0x00000000c7400000| Untracked 
| 116|0x00000000c7400000, 0x00000000c7500000, 0x00000000c7500000|100%| O|  |TAMS 0x00000000c7400000, 0x00000000c7500000| Untracked 
| 117|0x00000000c7500000, 0x00000000c7600000, 0x00000000c7600000|100%| O|  |TAMS 0x00000000c7500000, 0x00000000c7600000| Untracked 
| 118|0x00000000c7600000, 0x00000000c7700000, 0x00000000c7700000|100%| O|  |TAMS 0x00000000c7600000, 0x00000000c7700000| Untracked 
| 119|0x00000000c7700000, 0x00000000c7800000, 0x00000000c7800000|100%| O|  |TAMS 0x00000000c7700000, 0x00000000c7800000| Untracked 
| 120|0x00000000c7800000, 0x00000000c7900000, 0x00000000c7900000|100%| O|  |TAMS 0x00000000c7800000, 0x00000000c7900000| Untracked 
| 121|0x00000000c7900000, 0x00000000c7a00000, 0x00000000c7a00000|100%| O|  |TAMS 0x00000000c7900000, 0x00000000c7a00000| Untracked 
| 122|0x00000000c7a00000, 0x00000000c7b00000, 0x00000000c7b00000|100%| O|  |TAMS 0x00000000c7a00000, 0x00000000c7b00000| Untracked 
| 123|0x00000000c7b00000, 0x00000000c7c00000, 0x00000000c7c00000|100%| O|  |TAMS 0x00000000c7b00000, 0x00000000c7c00000| Untracked 
| 124|0x00000000c7c00000, 0x00000000c7d00000, 0x00000000c7d00000|100%| O|  |TAMS 0x00000000c7c00000, 0x00000000c7d00000| Untracked 
| 125|0x00000000c7d00000, 0x00000000c7e00000, 0x00000000c7e00000|100%| O|  |TAMS 0x00000000c7d00000, 0x00000000c7e00000| Untracked 
| 126|0x00000000c7e00000, 0x00000000c7f00000, 0x00000000c7f00000|100%| O|  |TAMS 0x00000000c7e00000, 0x00000000c7f00000| Untracked 
| 127|0x00000000c7f00000, 0x00000000c7f00000, 0x00000000c8000000|  0%| F|  |TAMS 0x00000000c7f00000, 0x00000000c7f00000| Untracked 
| 128|0x00000000c8000000, 0x00000000c8100000, 0x00000000c8100000|100%|HS|  |TAMS 0x00000000c8000000, 0x00000000c8100000| Complete 
| 129|0x00000000c8100000, 0x00000000c8200000, 0x00000000c8200000|100%|HC|  |TAMS 0x00000000c8100000, 0x00000000c8200000| Complete 
| 130|0x00000000c8200000, 0x00000000c8300000, 0x00000000c8300000|100%|HC|  |TAMS 0x00000000c8200000, 0x00000000c8300000| Complete 
| 131|0x00000000c8300000, 0x00000000c8400000, 0x00000000c8400000|100%|HS|  |TAMS 0x00000000c8300000, 0x00000000c8400000| Complete 
| 132|0x00000000c8400000, 0x00000000c8500000, 0x00000000c8500000|100%|HC|  |TAMS 0x00000000c8400000, 0x00000000c8500000| Complete 
| 133|0x00000000c8500000, 0x00000000c8600000, 0x00000000c8600000|100%|HC|  |TAMS 0x00000000c8500000, 0x00000000c8600000| Complete 
| 134|0x00000000c8600000, 0x00000000c8700000, 0x00000000c8700000|100%| O|  |TAMS 0x00000000c8600000, 0x00000000c8700000| Untracked 
| 135|0x00000000c8700000, 0x00000000c8800000, 0x00000000c8800000|100%| O|  |TAMS 0x00000000c8700000, 0x00000000c8800000| Untracked 
| 136|0x00000000c8800000, 0x00000000c8900000, 0x00000000c8900000|100%| O|  |TAMS 0x00000000c8800000, 0x00000000c8900000| Untracked 
| 137|0x00000000c8900000, 0x00000000c8a00000, 0x00000000c8a00000|100%| O|  |TAMS 0x00000000c8900000, 0x00000000c8a00000| Untracked 
| 138|0x00000000c8a00000, 0x00000000c8b00000, 0x00000000c8b00000|100%| O|  |TAMS 0x00000000c8a00000, 0x00000000c8b00000| Untracked 
| 139|0x00000000c8b00000, 0x00000000c8c00000, 0x00000000c8c00000|100%| O|  |TAMS 0x00000000c8b00000, 0x00000000c8c00000| Untracked 
| 140|0x00000000c8c00000, 0x00000000c8d00000, 0x00000000c8d00000|100%| O|  |TAMS 0x00000000c8c00000, 0x00000000c8d00000| Untracked 
| 141|0x00000000c8d00000, 0x00000000c8e00000, 0x00000000c8e00000|100%| O|  |TAMS 0x00000000c8d00000, 0x00000000c8e00000| Untracked 
| 142|0x00000000c8e00000, 0x00000000c8f00000, 0x00000000c8f00000|100%| O|  |TAMS 0x00000000c8e00000, 0x00000000c8f00000| Untracked 
| 143|0x00000000c8f00000, 0x00000000c9000000, 0x00000000c9000000|100%| O|  |TAMS 0x00000000c8f00000, 0x00000000c9000000| Untracked 
| 144|0x00000000c9000000, 0x00000000c9100000, 0x00000000c9100000|100%| O|  |TAMS 0x00000000c9000000, 0x00000000c9100000| Untracked 
| 145|0x00000000c9100000, 0x00000000c9200000, 0x00000000c9200000|100%| O|  |TAMS 0x00000000c9100000, 0x00000000c9200000| Untracked 
| 146|0x00000000c9200000, 0x00000000c9300000, 0x00000000c9300000|100%| O|  |TAMS 0x00000000c9200000, 0x00000000c9300000| Untracked 
| 147|0x00000000c9300000, 0x00000000c9400000, 0x00000000c9400000|100%| O|  |TAMS 0x00000000c9300000, 0x00000000c9400000| Untracked 
| 148|0x00000000c9400000, 0x00000000c9500000, 0x00000000c9500000|100%| O|  |TAMS 0x00000000c9400000, 0x00000000c9500000| Untracked 
| 149|0x00000000c9500000, 0x00000000c9600000, 0x00000000c9600000|100%| O|  |TAMS 0x00000000c9500000, 0x00000000c9600000| Untracked 
| 150|0x00000000c9600000, 0x00000000c9700000, 0x00000000c9700000|100%| O|  |TAMS 0x00000000c9600000, 0x00000000c9700000| Untracked 
| 151|0x00000000c9700000, 0x00000000c9800000, 0x00000000c9800000|100%| O|  |TAMS 0x00000000c9700000, 0x00000000c9800000| Untracked 
| 152|0x00000000c9800000, 0x00000000c9900000, 0x00000000c9900000|100%| O|  |TAMS 0x00000000c9800000, 0x00000000c9900000| Untracked 
| 153|0x00000000c9900000, 0x00000000c9a00000, 0x00000000c9a00000|100%| O|  |TAMS 0x00000000c9900000, 0x00000000c9a00000| Untracked 
| 154|0x00000000c9a00000, 0x00000000c9b00000, 0x00000000c9b00000|100%| O|  |TAMS 0x00000000c9a00000, 0x00000000c9b00000| Untracked 
| 155|0x00000000c9b00000, 0x00000000c9c00000, 0x00000000c9c00000|100%| O|  |TAMS 0x00000000c9b00000, 0x00000000c9c00000| Untracked 
| 156|0x00000000c9c00000, 0x00000000c9d00000, 0x00000000c9d00000|100%| O|  |TAMS 0x00000000c9c00000, 0x00000000c9d00000| Untracked 
| 157|0x00000000c9d00000, 0x00000000c9e00000, 0x00000000c9e00000|100%| O|  |TAMS 0x00000000c9d00000, 0x00000000c9e00000| Untracked 
| 158|0x00000000c9e00000, 0x00000000c9f00000, 0x00000000c9f00000|100%| O|  |TAMS 0x00000000c9e00000, 0x00000000c9f00000| Untracked 
| 159|0x00000000c9f00000, 0x00000000ca000000, 0x00000000ca000000|100%| O|  |TAMS 0x00000000c9f00000, 0x00000000ca000000| Untracked 
| 160|0x00000000ca000000, 0x00000000ca100000, 0x00000000ca100000|100%| O|  |TAMS 0x00000000ca000000, 0x00000000ca100000| Untracked 
| 161|0x00000000ca100000, 0x00000000ca200000, 0x00000000ca200000|100%| O|  |TAMS 0x00000000ca100000, 0x00000000ca200000| Untracked 
| 162|0x00000000ca200000, 0x00000000ca300000, 0x00000000ca300000|100%| O|  |TAMS 0x00000000ca200000, 0x00000000ca300000| Untracked 
| 163|0x00000000ca300000, 0x00000000ca400000, 0x00000000ca400000|100%| O|  |TAMS 0x00000000ca300000, 0x00000000ca400000| Untracked 
| 164|0x00000000ca400000, 0x00000000ca500000, 0x00000000ca500000|100%| O|  |TAMS 0x00000000ca400000, 0x00000000ca500000| Untracked 
| 165|0x00000000ca500000, 0x00000000ca600000, 0x00000000ca600000|100%| O|  |TAMS 0x00000000ca500000, 0x00000000ca600000| Untracked 
| 166|0x00000000ca600000, 0x00000000ca700000, 0x00000000ca700000|100%| O|  |TAMS 0x00000000ca600000, 0x00000000ca700000| Untracked 
| 167|0x00000000ca700000, 0x00000000ca800000, 0x00000000ca800000|100%| O|  |TAMS 0x00000000ca700000, 0x00000000ca800000| Untracked 
| 168|0x00000000ca800000, 0x00000000ca900000, 0x00000000ca900000|100%| O|  |TAMS 0x00000000ca800000, 0x00000000ca900000| Untracked 
| 169|0x00000000ca900000, 0x00000000caa00000, 0x00000000caa00000|100%| O|  |TAMS 0x00000000ca900000, 0x00000000caa00000| Untracked 
| 170|0x00000000caa00000, 0x00000000cab00000, 0x00000000cab00000|100%| O|  |TAMS 0x00000000caa00000, 0x00000000cab00000| Untracked 
| 171|0x00000000cab00000, 0x00000000cac00000, 0x00000000cac00000|100%| O|  |TAMS 0x00000000cab00000, 0x00000000cac00000| Untracked 
| 172|0x00000000cac00000, 0x00000000cad00000, 0x00000000cad00000|100%| O|  |TAMS 0x00000000cac00000, 0x00000000cad00000| Untracked 
| 173|0x00000000cad00000, 0x00000000cae00000, 0x00000000cae00000|100%| O|  |TAMS 0x00000000cad00000, 0x00000000cae00000| Untracked 
| 174|0x00000000cae00000, 0x00000000caf00000, 0x00000000caf00000|100%| O|  |TAMS 0x00000000cae00000, 0x00000000caf00000| Untracked 
| 175|0x00000000caf00000, 0x00000000cb000000, 0x00000000cb000000|100%| O|  |TAMS 0x00000000caf00000, 0x00000000cb000000| Untracked 
| 176|0x00000000cb000000, 0x00000000cb100000, 0x00000000cb100000|100%| O|  |TAMS 0x00000000cb000000, 0x00000000cb100000| Untracked 
| 177|0x00000000cb100000, 0x00000000cb200000, 0x00000000cb200000|100%| O|  |TAMS 0x00000000cb100000, 0x00000000cb200000| Untracked 
| 178|0x00000000cb200000, 0x00000000cb300000, 0x00000000cb300000|100%| O|  |TAMS 0x00000000cb200000, 0x00000000cb300000| Untracked 
| 179|0x00000000cb300000, 0x00000000cb400000, 0x00000000cb400000|100%| O|  |TAMS 0x00000000cb300000, 0x00000000cb400000| Untracked 
| 180|0x00000000cb400000, 0x00000000cb500000, 0x00000000cb500000|100%| O|  |TAMS 0x00000000cb400000, 0x00000000cb500000| Untracked 
| 181|0x00000000cb500000, 0x00000000cb600000, 0x00000000cb600000|100%| O|  |TAMS 0x00000000cb500000, 0x00000000cb600000| Untracked 
| 182|0x00000000cb600000, 0x00000000cb700000, 0x00000000cb700000|100%| O|  |TAMS 0x00000000cb600000, 0x00000000cb700000| Untracked 
| 183|0x00000000cb700000, 0x00000000cb800000, 0x00000000cb800000|100%| O|  |TAMS 0x00000000cb700000, 0x00000000cb800000| Untracked 
| 184|0x00000000cb800000, 0x00000000cb900000, 0x00000000cb900000|100%| O|  |TAMS 0x00000000cb800000, 0x00000000cb900000| Untracked 
| 185|0x00000000cb900000, 0x00000000cba00000, 0x00000000cba00000|100%| O|  |TAMS 0x00000000cb900000, 0x00000000cba00000| Untracked 
| 186|0x00000000cba00000, 0x00000000cbb00000, 0x00000000cbb00000|100%| O|  |TAMS 0x00000000cba00000, 0x00000000cbb00000| Untracked 
| 187|0x00000000cbb00000, 0x00000000cbc00000, 0x00000000cbc00000|100%| O|  |TAMS 0x00000000cbb00000, 0x00000000cbc00000| Untracked 
| 188|0x00000000cbc00000, 0x00000000cbd00000, 0x00000000cbd00000|100%| O|  |TAMS 0x00000000cbc00000, 0x00000000cbd00000| Untracked 
| 189|0x00000000cbd00000, 0x00000000cbe00000, 0x00000000cbe00000|100%| O|  |TAMS 0x00000000cbd00000, 0x00000000cbe00000| Untracked 
| 190|0x00000000cbe00000, 0x00000000cbf00000, 0x00000000cbf00000|100%| O|  |TAMS 0x00000000cbe00000, 0x00000000cbf00000| Untracked 
| 191|0x00000000cbf00000, 0x00000000cc000000, 0x00000000cc000000|100%| O|  |TAMS 0x00000000cbf00000, 0x00000000cc000000| Untracked 
| 192|0x00000000cc000000, 0x00000000cc100000, 0x00000000cc100000|100%| O|  |TAMS 0x00000000cc000000, 0x00000000cc100000| Untracked 
| 193|0x00000000cc100000, 0x00000000cc200000, 0x00000000cc200000|100%| O|  |TAMS 0x00000000cc100000, 0x00000000cc200000| Untracked 
| 194|0x00000000cc200000, 0x00000000cc300000, 0x00000000cc300000|100%| O|  |TAMS 0x00000000cc200000, 0x00000000cc300000| Untracked 
| 195|0x00000000cc300000, 0x00000000cc400000, 0x00000000cc400000|100%| O|  |TAMS 0x00000000cc300000, 0x00000000cc400000| Untracked 
| 196|0x00000000cc400000, 0x00000000cc500000, 0x00000000cc500000|100%| O|  |TAMS 0x00000000cc400000, 0x00000000cc500000| Untracked 
| 197|0x00000000cc500000, 0x00000000cc600000, 0x00000000cc600000|100%| O|  |TAMS 0x00000000cc500000, 0x00000000cc600000| Untracked 
| 198|0x00000000cc600000, 0x00000000cc700000, 0x00000000cc700000|100%| O|  |TAMS 0x00000000cc600000, 0x00000000cc700000| Untracked 
| 199|0x00000000cc700000, 0x00000000cc800000, 0x00000000cc800000|100%| O|  |TAMS 0x00000000cc700000, 0x00000000cc800000| Untracked 
| 200|0x00000000cc800000, 0x00000000cc900000, 0x00000000cc900000|100%| O|  |TAMS 0x00000000cc800000, 0x00000000cc900000| Untracked 
| 201|0x00000000cc900000, 0x00000000cca00000, 0x00000000cca00000|100%| O|  |TAMS 0x00000000cc900000, 0x00000000cca00000| Untracked 
| 202|0x00000000cca00000, 0x00000000ccb00000, 0x00000000ccb00000|100%| O|  |TAMS 0x00000000cca00000, 0x00000000ccb00000| Untracked 
| 203|0x00000000ccb00000, 0x00000000ccc00000, 0x00000000ccc00000|100%| O|  |TAMS 0x00000000ccb00000, 0x00000000ccc00000| Untracked 
| 204|0x00000000ccc00000, 0x00000000ccd00000, 0x00000000ccd00000|100%| O|  |TAMS 0x00000000ccc00000, 0x00000000ccd00000| Untracked 
| 205|0x00000000ccd00000, 0x00000000cce00000, 0x00000000cce00000|100%| O|  |TAMS 0x00000000ccd00000, 0x00000000cce00000| Untracked 
| 206|0x00000000cce00000, 0x00000000ccf00000, 0x00000000ccf00000|100%| O|  |TAMS 0x00000000cce00000, 0x00000000ccf00000| Untracked 
| 207|0x00000000ccf00000, 0x00000000cd000000, 0x00000000cd000000|100%| O|  |TAMS 0x00000000ccf00000, 0x00000000cd000000| Untracked 
| 208|0x00000000cd000000, 0x00000000cd100000, 0x00000000cd100000|100%| O|  |TAMS 0x00000000cd000000, 0x00000000cd100000| Untracked 
| 209|0x00000000cd100000, 0x00000000cd200000, 0x00000000cd200000|100%| O|  |TAMS 0x00000000cd100000, 0x00000000cd200000| Untracked 
| 210|0x00000000cd200000, 0x00000000cd300000, 0x00000000cd300000|100%| O|  |TAMS 0x00000000cd200000, 0x00000000cd300000| Untracked 
| 211|0x00000000cd300000, 0x00000000cd400000, 0x00000000cd400000|100%| O|  |TAMS 0x00000000cd300000, 0x00000000cd400000| Untracked 
| 212|0x00000000cd400000, 0x00000000cd500000, 0x00000000cd500000|100%| O|  |TAMS 0x00000000cd400000, 0x00000000cd500000| Untracked 
| 213|0x00000000cd500000, 0x00000000cd600000, 0x00000000cd600000|100%| O|  |TAMS 0x00000000cd500000, 0x00000000cd600000| Untracked 
| 214|0x00000000cd600000, 0x00000000cd700000, 0x00000000cd700000|100%| O|  |TAMS 0x00000000cd600000, 0x00000000cd700000| Untracked 
| 215|0x00000000cd700000, 0x00000000cd800000, 0x00000000cd800000|100%| O|  |TAMS 0x00000000cd700000, 0x00000000cd800000| Untracked 
| 216|0x00000000cd800000, 0x00000000cd900000, 0x00000000cd900000|100%| O|  |TAMS 0x00000000cd800000, 0x00000000cd900000| Untracked 
| 217|0x00000000cd900000, 0x00000000cda00000, 0x00000000cda00000|100%| O|  |TAMS 0x00000000cd900000, 0x00000000cda00000| Untracked 
| 218|0x00000000cda00000, 0x00000000cdb00000, 0x00000000cdb00000|100%| O|  |TAMS 0x00000000cda00000, 0x00000000cdb00000| Untracked 
| 219|0x00000000cdb00000, 0x00000000cdc00000, 0x00000000cdc00000|100%| O|  |TAMS 0x00000000cdb00000, 0x00000000cdc00000| Untracked 
| 220|0x00000000cdc00000, 0x00000000cdd00000, 0x00000000cdd00000|100%| O|  |TAMS 0x00000000cdc00000, 0x00000000cdd00000| Untracked 
| 221|0x00000000cdd00000, 0x00000000cde00000, 0x00000000cde00000|100%| O|  |TAMS 0x00000000cdd00000, 0x00000000cde00000| Untracked 
| 222|0x00000000cde00000, 0x00000000cdf00000, 0x00000000cdf00000|100%| O|  |TAMS 0x00000000cde00000, 0x00000000cdf00000| Untracked 
| 223|0x00000000cdf00000, 0x00000000ce000000, 0x00000000ce000000|100%| O|  |TAMS 0x00000000cdf00000, 0x00000000ce000000| Untracked 
| 224|0x00000000ce000000, 0x00000000ce100000, 0x00000000ce100000|100%| O|  |TAMS 0x00000000ce000000, 0x00000000ce100000| Untracked 
| 225|0x00000000ce100000, 0x00000000ce200000, 0x00000000ce200000|100%| O|  |TAMS 0x00000000ce100000, 0x00000000ce200000| Untracked 
| 226|0x00000000ce200000, 0x00000000ce300000, 0x00000000ce300000|100%| O|  |TAMS 0x00000000ce200000, 0x00000000ce300000| Untracked 
| 227|0x00000000ce300000, 0x00000000ce400000, 0x00000000ce400000|100%| O|  |TAMS 0x00000000ce300000, 0x00000000ce400000| Untracked 
| 228|0x00000000ce400000, 0x00000000ce500000, 0x00000000ce500000|100%| O|  |TAMS 0x00000000ce400000, 0x00000000ce500000| Untracked 
| 229|0x00000000ce500000, 0x00000000ce600000, 0x00000000ce600000|100%| O|  |TAMS 0x00000000ce500000, 0x00000000ce600000| Untracked 
| 230|0x00000000ce600000, 0x00000000ce700000, 0x00000000ce700000|100%| O|  |TAMS 0x00000000ce600000, 0x00000000ce700000| Untracked 
| 231|0x00000000ce700000, 0x00000000ce800000, 0x00000000ce800000|100%| O|  |TAMS 0x00000000ce700000, 0x00000000ce800000| Untracked 
| 232|0x00000000ce800000, 0x00000000ce900000, 0x00000000ce900000|100%| O|  |TAMS 0x00000000ce800000, 0x00000000ce900000| Untracked 
| 233|0x00000000ce900000, 0x00000000cea00000, 0x00000000cea00000|100%| O|  |TAMS 0x00000000ce900000, 0x00000000cea00000| Untracked 
| 234|0x00000000cea00000, 0x00000000ceb00000, 0x00000000ceb00000|100%| O|  |TAMS 0x00000000cea00000, 0x00000000ceb00000| Untracked 
| 235|0x00000000ceb00000, 0x00000000cec00000, 0x00000000cec00000|100%| O|  |TAMS 0x00000000ceb00000, 0x00000000cec00000| Untracked 
| 236|0x00000000cec00000, 0x00000000ced00000, 0x00000000ced00000|100%| O|  |TAMS 0x00000000cec00000, 0x00000000ced00000| Untracked 
| 237|0x00000000ced00000, 0x00000000cee00000, 0x00000000cee00000|100%| O|  |TAMS 0x00000000ced00000, 0x00000000cee00000| Untracked 
| 238|0x00000000cee00000, 0x00000000cef00000, 0x00000000cef00000|100%| O|  |TAMS 0x00000000cee00000, 0x00000000cef00000| Untracked 
| 239|0x00000000cef00000, 0x00000000cf000000, 0x00000000cf000000|100%| O|  |TAMS 0x00000000cef00000, 0x00000000cf000000| Untracked 
| 240|0x00000000cf000000, 0x00000000cf100000, 0x00000000cf100000|100%| O|  |TAMS 0x00000000cf000000, 0x00000000cf100000| Untracked 
| 241|0x00000000cf100000, 0x00000000cf200000, 0x00000000cf200000|100%| O|  |TAMS 0x00000000cf100000, 0x00000000cf200000| Untracked 
| 242|0x00000000cf200000, 0x00000000cf300000, 0x00000000cf300000|100%| O|  |TAMS 0x00000000cf200000, 0x00000000cf300000| Untracked 
| 243|0x00000000cf300000, 0x00000000cf400000, 0x00000000cf400000|100%| O|  |TAMS 0x00000000cf300000, 0x00000000cf400000| Untracked 
| 244|0x00000000cf400000, 0x00000000cf500000, 0x00000000cf500000|100%| O|  |TAMS 0x00000000cf400000, 0x00000000cf500000| Untracked 
| 245|0x00000000cf500000, 0x00000000cf600000, 0x00000000cf600000|100%| O|  |TAMS 0x00000000cf500000, 0x00000000cf600000| Untracked 
| 246|0x00000000cf600000, 0x00000000cf700000, 0x00000000cf700000|100%| O|  |TAMS 0x00000000cf600000, 0x00000000cf700000| Untracked 
| 247|0x00000000cf700000, 0x00000000cf800000, 0x00000000cf800000|100%| O|  |TAMS 0x00000000cf700000, 0x00000000cf800000| Untracked 
| 248|0x00000000cf800000, 0x00000000cf900000, 0x00000000cf900000|100%| O|  |TAMS 0x00000000cf800000, 0x00000000cf900000| Untracked 
| 249|0x00000000cf900000, 0x00000000cfa00000, 0x00000000cfa00000|100%| O|  |TAMS 0x00000000cf900000, 0x00000000cfa00000| Untracked 
| 250|0x00000000cfa00000, 0x00000000cfb00000, 0x00000000cfb00000|100%| O|  |TAMS 0x00000000cfa00000, 0x00000000cfb00000| Untracked 
| 251|0x00000000cfb00000, 0x00000000cfc00000, 0x00000000cfc00000|100%| O|  |TAMS 0x00000000cfb00000, 0x00000000cfc00000| Untracked 
| 252|0x00000000cfc00000, 0x00000000cfd00000, 0x00000000cfd00000|100%| O|  |TAMS 0x00000000cfc00000, 0x00000000cfd00000| Untracked 
| 253|0x00000000cfd00000, 0x00000000cfe00000, 0x00000000cfe00000|100%| O|  |TAMS 0x00000000cfd00000, 0x00000000cfe00000| Untracked 
| 254|0x00000000cfe00000, 0x00000000cff00000, 0x00000000cff00000|100%| O|  |TAMS 0x00000000cfe00000, 0x00000000cfef2200| Untracked 
| 255|0x00000000cff00000, 0x00000000d0000000, 0x00000000d0000000|100%|HS|  |TAMS 0x00000000cff00000, 0x00000000cff00000| Complete 
| 256|0x00000000d0000000, 0x00000000d0100000, 0x00000000d0100000|100%|HC|  |TAMS 0x00000000d0000000, 0x00000000d0000000| Complete 
| 257|0x00000000d0100000, 0x00000000d0200000, 0x00000000d0200000|100%|HS|  |TAMS 0x00000000d0100000, 0x00000000d0100000| Complete 
| 258|0x00000000d0200000, 0x00000000d0300000, 0x00000000d0300000|100%|HC|  |TAMS 0x00000000d0200000, 0x00000000d0200000| Complete 
| 259|0x00000000d0300000, 0x00000000d0400000, 0x00000000d0400000|100%|HC|  |TAMS 0x00000000d0300000, 0x00000000d0300000| Complete 
| 260|0x00000000d0400000, 0x00000000d0500000, 0x00000000d0500000|100%|HC|  |TAMS 0x00000000d0400000, 0x00000000d0400000| Complete 
| 261|0x00000000d0500000, 0x00000000d0600000, 0x00000000d0600000|100%|HC|  |TAMS 0x00000000d0500000, 0x00000000d0500000| Complete 
| 262|0x00000000d0600000, 0x00000000d0700000, 0x00000000d0700000|100%|HC|  |TAMS 0x00000000d0600000, 0x00000000d0600000| Complete 
| 263|0x00000000d0700000, 0x00000000d0800000, 0x00000000d0800000|100%|HS|  |TAMS 0x00000000d0700000, 0x00000000d0700000| Complete 
| 264|0x00000000d0800000, 0x00000000d0900000, 0x00000000d0900000|100%|HC|  |TAMS 0x00000000d0800000, 0x00000000d0800000| Complete 
| 265|0x00000000d0900000, 0x00000000d0a00000, 0x00000000d0a00000|100%|HC|  |TAMS 0x00000000d0900000, 0x00000000d0900000| Complete 
| 266|0x00000000d0a00000, 0x00000000d0b00000, 0x00000000d0b00000|100%|HC|  |TAMS 0x00000000d0a00000, 0x00000000d0a00000| Complete 
| 267|0x00000000d0b00000, 0x00000000d0c00000, 0x00000000d0c00000|100%|HC|  |TAMS 0x00000000d0b00000, 0x00000000d0b00000| Complete 
| 268|0x00000000d0c00000, 0x00000000d0d00000, 0x00000000d0d00000|100%|HC|  |TAMS 0x00000000d0c00000, 0x00000000d0c00000| Complete 
| 269|0x00000000d0d00000, 0x00000000d0e00000, 0x00000000d0e00000|100%| O|  |TAMS 0x00000000d0d00000, 0x00000000d0d00000| Untracked 
| 270|0x00000000d0e00000, 0x00000000d0f00000, 0x00000000d0f00000|100%| O|  |TAMS 0x00000000d0e00000, 0x00000000d0e00000| Untracked 
| 271|0x00000000d0f00000, 0x00000000d1000000, 0x00000000d1000000|100%| O|  |TAMS 0x00000000d0f00000, 0x00000000d0f00000| Untracked 
| 272|0x00000000d1000000, 0x00000000d1100000, 0x00000000d1100000|100%| O|  |TAMS 0x00000000d1000000, 0x00000000d1000000| Untracked 
| 273|0x00000000d1100000, 0x00000000d1200000, 0x00000000d1200000|100%| O|  |TAMS 0x00000000d1100000, 0x00000000d1100000| Untracked 
| 274|0x00000000d1200000, 0x00000000d1300000, 0x00000000d1300000|100%| O|  |TAMS 0x00000000d1200000, 0x00000000d1200000| Untracked 
| 275|0x00000000d1300000, 0x00000000d1400000, 0x00000000d1400000|100%| O|  |TAMS 0x00000000d1300000, 0x00000000d1300000| Untracked 
| 276|0x00000000d1400000, 0x00000000d1500000, 0x00000000d1500000|100%| O|  |TAMS 0x00000000d1400000, 0x00000000d1400000| Untracked 
| 277|0x00000000d1500000, 0x00000000d1600000, 0x00000000d1600000|100%| O|  |TAMS 0x00000000d1500000, 0x00000000d1500000| Untracked 
| 278|0x00000000d1600000, 0x00000000d1600000, 0x00000000d1700000|  0%| F|  |TAMS 0x00000000d1600000, 0x00000000d1600000| Untracked 
| 279|0x00000000d1700000, 0x00000000d1700000, 0x00000000d1800000|  0%| F|  |TAMS 0x00000000d1700000, 0x00000000d1700000| Untracked 
| 280|0x00000000d1800000, 0x00000000d1800000, 0x00000000d1900000|  0%| F|  |TAMS 0x00000000d1800000, 0x00000000d1800000| Untracked 
| 281|0x00000000d1900000, 0x00000000d1a00000, 0x00000000d1a00000|100%| S|CS|TAMS 0x00000000d1900000, 0x00000000d1900000| Complete 
| 282|0x00000000d1a00000, 0x00000000d1b00000, 0x00000000d1b00000|100%| S|CS|TAMS 0x00000000d1a00000, 0x00000000d1a00000| Complete 
| 283|0x00000000d1b00000, 0x00000000d1b00000, 0x00000000d1c00000|  0%| F|  |TAMS 0x00000000d1b00000, 0x00000000d1b00000| Untracked 
| 284|0x00000000d1c00000, 0x00000000d1c78738, 0x00000000d1d00000| 47%| E|  |TAMS 0x00000000d1c00000, 0x00000000d1c00000| Complete 
| 285|0x00000000d1d00000, 0x00000000d1e00000, 0x00000000d1e00000|100%| E|CS|TAMS 0x00000000d1d00000, 0x00000000d1d00000| Complete 
| 286|0x00000000d1e00000, 0x00000000d1f00000, 0x00000000d1f00000|100%| E|CS|TAMS 0x00000000d1e00000, 0x00000000d1e00000| Complete 
| 287|0x00000000d1f00000, 0x00000000d2000000, 0x00000000d2000000|100%| E|CS|TAMS 0x00000000d1f00000, 0x00000000d1f00000| Complete 
| 288|0x00000000d2000000, 0x00000000d2100000, 0x00000000d2100000|100%| E|CS|TAMS 0x00000000d2000000, 0x00000000d2000000| Complete 
| 289|0x00000000d2100000, 0x00000000d2200000, 0x00000000d2200000|100%| E|CS|TAMS 0x00000000d2100000, 0x00000000d2100000| Complete 
| 290|0x00000000d2200000, 0x00000000d2300000, 0x00000000d2300000|100%| E|CS|TAMS 0x00000000d2200000, 0x00000000d2200000| Complete 
| 291|0x00000000d2300000, 0x00000000d2400000, 0x00000000d2400000|100%| E|CS|TAMS 0x00000000d2300000, 0x00000000d2300000| Complete 
| 292|0x00000000d2400000, 0x00000000d2500000, 0x00000000d2500000|100%| E|CS|TAMS 0x00000000d2400000, 0x00000000d2400000| Complete 
| 293|0x00000000d2500000, 0x00000000d2600000, 0x00000000d2600000|100%| E|CS|TAMS 0x00000000d2500000, 0x00000000d2500000| Complete 
| 294|0x00000000d2600000, 0x00000000d2700000, 0x00000000d2700000|100%| E|CS|TAMS 0x00000000d2600000, 0x00000000d2600000| Complete 

Card table byte_map: [0x00000191f6ae0000,0x00000191f6ce0000] _byte_map_base: 0x00000191f64e0000

Marking Bits (Prev, Next): (CMBitMap*) 0x00000191f2e25c20, (CMBitMap*) 0x00000191f2e25be8
 Prev Bits: [0x00000191f9520000, 0x00000191fa520000)
 Next Bits: [0x00000191f6ee0000, 0x00000191f7ee0000)

Polling page: 0x00000191f6280000

Metaspace:

Usage:
  Non-class:     13.42 MB capacity,    13.24 MB ( 99%) used,   151.13 KB (  1%) free+waste,    38.69 KB ( <1%) overhead. 
      Class:      2.14 MB capacity,     1.99 MB ( 93%) used,   137.83 KB (  6%) free+waste,    19.31 KB ( <1%) overhead. 
       Both:     15.56 MB capacity,    15.22 MB ( 98%) used,   288.96 KB (  2%) free+waste,    58.00 KB ( <1%) overhead. 

Virtual space:
  Non-class space:       14.00 MB reserved,      13.50 MB ( 96%) committed 
      Class space:        1.00 GB reserved,       2.25 MB ( <1%) committed 
             Both:        1.01 GB reserved,      15.75 MB (  2%) committed 

Chunk freelists:
   Non-Class:  2.00 KB
       Class:  6.00 KB
        Both:  8.00 KB

CodeHeap 'non-profiled nmethods': size=120064Kb used=2039Kb max_used=2039Kb free=118024Kb
 bounds [0x000001918fd10000, 0x000001918ff80000, 0x0000019197250000]
CodeHeap 'profiled nmethods': size=120000Kb used=5564Kb max_used=5564Kb free=114436Kb
 bounds [0x00000191887e0000, 0x0000019188d50000, 0x000001918fd10000]
CodeHeap 'non-nmethods': size=5696Kb used=1087Kb max_used=1164Kb free=4608Kb
 bounds [0x0000019188250000, 0x00000191884c0000, 0x00000191887e0000]
 total_blobs=4631 nmethods=3008 adapters=294
 compilation: enabled
              stopped_count=0, restarted_count=0
 full_count=0

Compilation events (10 events):
Event: 30.792 Thread 0x00000191f859c800 3019 %     4       java.util.Arrays::fill @ 10 (28 bytes)
Event: 30.803 Thread 0x00000191f859c800 nmethod 3019% 0x000001918ff0cf10 code [0x000001918ff0d0a0, 0x000001918ff0d4d8]
Event: 30.803 Thread 0x00000191f859c800 3020 %     4       java.util.Arrays::fill @ 10 (28 bytes)
Event: 30.812 Thread 0x00000191eb585800 3021       3       java.util.concurrent.ConcurrentHashMap::put (8 bytes)
Event: 30.812 Thread 0x00000191eb585800 nmethod 3021 0x0000019188d4e090 code [0x0000019188d4e240, 0x0000019188d4e3d0]
Event: 30.813 Thread 0x00000191eb585800 3022       3       java.io.ObjectInputStream$BlockDataInputStream::read (62 bytes)
Event: 30.813 Thread 0x00000191eb585800 nmethod 3022 0x0000019188d4e490 code [0x0000019188d4e660, 0x0000019188d4e960]
Event: 30.814 Thread 0x00000191eb585800 3023       3       java.io.ObjectInputStream$PeekInputStream::read (47 bytes)
Event: 30.815 Thread 0x00000191eb585800 nmethod 3023 0x0000019188d4ea90 code [0x0000019188d4ec60, 0x0000019188d4ef50]
Event: 30.815 Thread 0x00000191f859c800 nmethod 3020% 0x000001918ff0d610 code [0x000001918ff0d7a0, 0x000001918ff0dc58]

GC Heap History (10 events):
Event: 30.255 GC heap before
{Heap before GC invocations=30 (full 0):
 garbage-first heap   total 302080K, used 241664K [0x00000000c0000000, 0x0000000100000000)
  region size 1024K, 27 young (27648K), 6 survivors (6144K)
 Metaspace       used 15577K, capacity 15936K, committed 16128K, reserved 1062912K
  class space    used 2033K, capacity 2192K, committed 2304K, reserved 1048576K
}
Event: 30.284 GC heap after
{Heap after GC invocations=31 (full 0):
 garbage-first heap   total 302080K, used 235520K [0x00000000c0000000, 0x0000000100000000)
  region size 1024K, 4 young (4096K), 4 survivors (4096K)
 Metaspace       used 15577K, capacity 15936K, committed 16128K, reserved 1062912K
  class space    used 2033K, capacity 2192K, committed 2304K, reserved 1048576K
}
Event: 30.351 GC heap before
{Heap before GC invocations=31 (full 0):
 garbage-first heap   total 302080K, used 249856K [0x00000000c0000000, 0x0000000100000000)
  region size 1024K, 18 young (18432K), 4 survivors (4096K)
 Metaspace       used 15577K, capacity 15936K, committed 16128K, reserved 1062912K
  class space    used 2033K, capacity 2192K, committed 2304K, reserved 1048576K
}
Event: 30.372 GC heap after
{Heap after GC invocations=32 (full 0):
 garbage-first heap   total 302080K, used 246272K [0x00000000c0000000, 0x0000000100000000)
  region size 1024K, 3 young (3072K), 3 survivors (3072K)
 Metaspace       used 15577K, capacity 15936K, committed 16128K, reserved 1062912K
  class space    used 2033K, capacity 2192K, committed 2304K, reserved 1048576K
}
Event: 30.426 GC heap before
{Heap before GC invocations=32 (full 0):
 garbage-first heap   total 302080K, used 257536K [0x00000000c0000000, 0x0000000100000000)
  region size 1024K, 14 young (14336K), 3 survivors (3072K)
 Metaspace       used 15577K, capacity 15936K, committed 16128K, reserved 1062912K
  class space    used 2033K, capacity 2192K, committed 2304K, reserved 1048576K
}
Event: 30.441 GC heap after
{Heap after GC invocations=33 (full 0):
 garbage-first heap   total 302080K, used 254464K [0x00000000c0000000, 0x0000000100000000)
  region size 1024K, 2 young (2048K), 2 survivors (2048K)
 Metaspace       used 15577K, capacity 15936K, committed 16128K, reserved 1062912K
  class space    used 2033K, capacity 2192K, committed 2304K, reserved 1048576K
}
Event: 30.495 GC heap before
{Heap before GC invocations=33 (full 0):
 garbage-first heap   total 302080K, used 265728K [0x00000000c0000000, 0x0000000100000000)
  region size 1024K, 14 young (14336K), 2 survivors (2048K)
 Metaspace       used 15577K, capacity 15936K, committed 16128K, reserved 1062912K
  class space    used 2033K, capacity 2192K, committed 2304K, reserved 1048576K
}
Event: 30.508 GC heap after
{Heap after GC invocations=34 (full 0):
 garbage-first heap   total 302080K, used 263112K [0x00000000c0000000, 0x0000000100000000)
  region size 1024K, 2 young (2048K), 2 survivors (2048K)
 Metaspace       used 15577K, capacity 15936K, committed 16128K, reserved 1062912K
  class space    used 2033K, capacity 2192K, committed 2304K, reserved 1048576K
}
Event: 30.576 GC heap before
{Heap before GC invocations=34 (full 0):
 garbage-first heap   total 302080K, used 289736K [0x00000000c0000000, 0x0000000100000000)
  region size 1024K, 14 young (14336K), 2 survivors (2048K)
 Metaspace       used 15577K, capacity 15936K, committed 16128K, reserved 1062912K
  class space    used 2033K, capacity 2192K, committed 2304K, reserved 1048576K
}
Event: 30.590 GC heap after
{Heap after GC invocations=35 (full 0):
 garbage-first heap   total 302080K, used 285696K [0x00000000c0000000, 0x0000000100000000)
  region size 1024K, 2 young (2048K), 2 survivors (2048K)
 Metaspace       used 15577K, capacity 15936K, committed 16128K, reserved 1062912K
  class space    used 2033K, capacity 2192K, committed 2304K, reserved 1048576K
}

Deoptimization events (10 events):
Event: 30.803 Thread 0x00000191eb5b3800 Uncommon trap: reason=array_check action=maybe_recompile pc=0x000001918ff0d43c method=java.util.Arrays.fill([Ljava/lang/Object;IILjava/lang/Object;)V @ 20 c2
Event: 30.803 Thread 0x00000191eb5b3800 Uncommon trap: reason=array_check action=maybe_recompile pc=0x000001918ff0d43c method=java.util.Arrays.fill([Ljava/lang/Object;IILjava/lang/Object;)V @ 20 c2
Event: 30.803 Thread 0x00000191eb5b3800 Uncommon trap: reason=array_check action=maybe_recompile pc=0x000001918ff0d43c method=java.util.Arrays.fill([Ljava/lang/Object;IILjava/lang/Object;)V @ 20 c2
Event: 30.803 Thread 0x00000191eb5b3800 Uncommon trap: reason=array_check action=maybe_recompile pc=0x000001918ff0d43c method=java.util.Arrays.fill([Ljava/lang/Object;IILjava/lang/Object;)V @ 20 c2
Event: 30.812 Thread 0x00000191eb5b3800 Uncommon trap: reason=unstable_if action=reinterpret pc=0x000001918fede62c method=java.io.ObjectInputStream.readObject0(Z)Ljava/lang/Object; @ 108 c2
Event: 30.812 Thread 0x00000191eb5b3800 Uncommon trap: reason=unstable_if action=reinterpret pc=0x000001918fed3608 method=java.io.ObjectInputStream$PeekInputStream.read()I @ 4 c2
Event: 30.812 Thread 0x00000191eb5b3800 Uncommon trap: reason=unstable_if action=reinterpret pc=0x000001918fed6cfc method=java.io.ObjectInputStream$PeekInputStream.read()I @ 4 c2
Event: 30.813 Thread 0x00000191eb5b3800 Uncommon trap: reason=predicate action=maybe_recompile pc=0x000001918ff0cd48 method=java.util.Arrays.fill([Ljava/lang/Object;IILjava/lang/Object;)V @ 13 c2
Event: 30.814 Thread 0x00000191eb5b3800 Uncommon trap: reason=unstable_if action=reinterpret pc=0x000001918fed9438 method=kr.co.shineware.ds.aho_corasick.model.AhoCorasickNode.load(Ljava/io/ObjectInputStream;Z)V @ 1 c2
Event: 30.814 Thread 0x00000191eb5b3800 Uncommon trap: reason=unstable_if action=reinterpret pc=0x000001918ff021ac method=java.io.ObjectStreamClass.getClassDataLayout()[Ljava/io/ObjectStreamClass$ClassDataSlot; @ 4 c2

Classes redefined (0 events):
No events

Internal exceptions (10 events):
Event: 11.747 Thread 0x00000191f88d5000 Exception <a 'java/lang/NoSuchMethodError'{0x00000000c75b62e0}: java.lang.invoke.DirectMethodHandle$Holder.invokeStatic(Ljava/lang/Object;Ljava/lang/Object;Ljava/lang/Object;Ljava/lang/Object;Ljava/lang/Object;I)Ljava/lang/Object;> (0x00000000c75b62e0) th
Event: 11.864 Thread 0x00000191f88ce800 Exception <a 'java/lang/NoSuchMethodError'{0x00000000c745cf00}: java.lang.invoke.DirectMethodHandle$Holder.invokeStatic(Ljava/lang/Object;Ljava/lang/Object;Ljava/lang/Object;Ljava/lang/Object;ILjava/lang/Object;)Ljava/lang/Object;> (0x00000000c745cf00) th
Event: 11.864 Thread 0x00000191f88d5000 Exception <a 'java/lang/NoSuchMethodError'{0x00000000c73139c8}: java.lang.invoke.DirectMethodHandle$Holder.invokeStatic(Ljava/lang/Object;Ljava/lang/Object;Ljava/lang/Object;Ljava/lang/Object;ILjava/lang/Object;)Ljava/lang/Object;> (0x00000000c73139c8) th
Event: 11.865 Thread 0x00000191f88ce800 Exception <a 'java/lang/NoSuchMethodError'{0x00000000c74609c0}: java.lang.invoke.DirectMethodHandle$Holder.invokeSpecial(Ljava/lang/Object;Ljava/lang/Object;Ljava/lang/Object;Ljava/lang/Object;Ljava/lang/Object;ILjava/lang/Object;)Ljava/lang/Object;> (0x0
Event: 11.866 Thread 0x00000191f88ce800 Exception <a 'java/lang/NoSuchMethodError'{0x00000000c7463d30}: java.lang.invoke.Invokers$Holder.linkToTargetMethod(Ljava/lang/Object;Ljava/lang/Object;Ljava/lang/Object;ILjava/lang/Object;Ljava/lang/Object;)Ljava/lang/Object;> (0x00000000c7463d30) thrown
Event: 11.866 Thread 0x00000191f88d5000 Exception <a 'java/lang/NoSuchMethodError'{0x00000000c73170f0}: java.lang.invoke.DirectMethodHandle$Holder.invokeSpecial(Ljava/lang/Object;Ljava/lang/Object;Ljava/lang/Object;Ljava/lang/Object;Ljava/lang/Object;ILjava/lang/Object;)Ljava/lang/Object;> (0x0
Event: 11.868 Thread 0x00000191f88d5000 Exception <a 'java/lang/NoSuchMethodError'{0x00000000c731a410}: java.lang.invoke.Invokers$Holder.linkToTargetMethod(Ljava/lang/Object;Ljava/lang/Object;Ljava/lang/Object;ILjava/lang/Object;Ljava/lang/Object;)Ljava/lang/Object;> (0x00000000c731a410) thrown
Event: 11.988 Thread 0x00000191f88ce800 Exception <a 'java/lang/NoSuchMethodError'{0x00000000c7487268}: java.lang.invoke.DirectMethodHandle$Holder.invokeStaticInit(Ljava/lang/Object;Ljava/lang/Object;Ljava/lang/Object;Ljava/lang/Object;Ljava/lang/Object;)Ljava/lang/Object;> (0x00000000c7487268)
Event: 11.998 Thread 0x00000191f88ce800 Exception <a 'java/lang/NoSuchMethodError'{0x00000000c73ee250}: java.lang.invoke.Invokers$Holder.invoker(Ljava/lang/Object;Ljava/lang/Object;Ljava/lang/Object;)Ljava/lang/Object;> (0x00000000c73ee250) thrown at [t:/workspace/open/src/hotspot/share/interpr
Event: 12.022 Thread 0x00000191f88ce800 Exception <a 'java/lang/NoSuchMethodError'{0x00000000c73fe4f0}: java.lang.invoke.DelegatingMethodHandle$Holder.delegate(Ljava/lang/Object;Ljava/lang/Object;ILjava/lang/Object;)V> (0x00000000c73fe4f0) thrown at [t:/workspace/open/src/hotspot/share/interpre

Events (10 events):
Event: 30.813 Thread 0x00000191eb5b3800 DEOPT PACKING pc=0x000001918ff0cd48 sp=0x000000428ff57990
Event: 30.813 Thread 0x00000191eb5b3800 DEOPT UNPACKING pc=0x0000019188278f2f sp=0x000000428ff57950 mode 2
Event: 30.814 Thread 0x00000191eb5b3800 Uncommon trap: trap_request=0xffffff4d fr.pc=0x000001918fed9438 relative=0x0000000000001eb8
Event: 30.814 Thread 0x00000191eb5b3800 DEOPT PACKING pc=0x000001918fed9438 sp=0x000000428ff579a0
Event: 30.814 Thread 0x00000191eb5b3800 DEOPT UNPACKING pc=0x0000019188278f2f sp=0x000000428ff579a0 mode 2
Event: 30.814 Thread 0x00000191eb5b3800 Uncommon trap: trap_request=0xffffff4d fr.pc=0x000001918ff021ac relative=0x00000000000032ec
Event: 30.814 Thread 0x00000191eb5b3800 DEOPT PACKING pc=0x000001918ff021ac sp=0x000000428ff575c0
Event: 30.814 Thread 0x00000191eb5b3800 DEOPT UNPACKING pc=0x0000019188278f2f sp=0x000000428ff57570 mode 2
Event: 30.815 loading class kr/co/shineware/nlp/komoran/modeler/model/IrregularNode
Event: 30.815 loading class kr/co/shineware/nlp/komoran/modeler/model/IrregularNode done


Dynamic libraries:
0x000000001ca30000 - 0x000000001ca4c000 	C:\Users\WooJin\Anaconda3\python.exe
0x00007ffbe1700000 - 0x00007ffbe18e1000 	C:\WINDOWS\SYSTEM32\ntdll.dll
0x00007ffbdfbd0000 - 0x00007ffbdfc81000 	C:\WINDOWS\System32\KERNEL32.DLL
0x00007ffbddf10000 - 0x00007ffbde183000 	C:\WINDOWS\System32\KERNELBASE.dll
0x00007ffbdea90000 - 0x00007ffbdeb88000 	C:\WINDOWS\System32\ucrtbase.dll
0x000000005f480000 - 0x000000005f81f000 	C:\Users\WooJin\Anaconda3\python36.dll
0x00007ffbc80a0000 - 0x00007ffbc80b7000 	C:\Users\WooJin\Anaconda3\VCRUNTIME140.dll
0x00007ffbe15f0000 - 0x00007ffbe1691000 	C:\WINDOWS\System32\ADVAPI32.dll
0x00007ffbdfa00000 - 0x00007ffbdfa9e000 	C:\WINDOWS\System32\msvcrt.dll
0x00007ffbdfb00000 - 0x00007ffbdfb5b000 	C:\WINDOWS\System32\sechost.dll
0x00007ffbdece0000 - 0x00007ffbdee04000 	C:\WINDOWS\System32\RPCRT4.dll
0x00007ffbdd460000 - 0x00007ffbdd46b000 	C:\WINDOWS\SYSTEM32\CRYPTBASE.DLL
0x00007ffbddde0000 - 0x00007ffbdde5a000 	C:\WINDOWS\System32\bcryptPrimitives.dll
0x00007ffbdee20000 - 0x00007ffbdee71000 	C:\WINDOWS\System32\SHLWAPI.dll
0x00007ffbdf6d0000 - 0x00007ffbdf9f2000 	C:\WINDOWS\System32\combase.dll
0x00007ffbdf3a0000 - 0x00007ffbdf3c8000 	C:\WINDOWS\System32\GDI32.dll
0x00007ffbde190000 - 0x00007ffbde322000 	C:\WINDOWS\System32\gdi32full.dll
0x00007ffbddb50000 - 0x00007ffbddbef000 	C:\WINDOWS\System32\msvcp_win.dll
0x00007ffbd1be0000 - 0x00007ffbd1bea000 	C:\WINDOWS\SYSTEM32\VERSION.dll
0x00007ffbdfde0000 - 0x00007ffbdff70000 	C:\WINDOWS\System32\USER32.dll
0x00007ffbddad0000 - 0x00007ffbddaf0000 	C:\WINDOWS\System32\win32u.dll
0x00007ffbdfb60000 - 0x00007ffbdfbcc000 	C:\WINDOWS\System32\WS2_32.dll
0x00007ffbe16a0000 - 0x00007ffbe16cd000 	C:\WINDOWS\System32\IMM32.DLL
0x00007ffbdd440000 - 0x00007ffbdd457000 	C:\WINDOWS\SYSTEM32\CRYPTSP.dll
0x00007ffbdce70000 - 0x00007ffbdcea3000 	C:\WINDOWS\system32\rsaenh.dll
0x00007ffbdd570000 - 0x00007ffbdd595000 	C:\WINDOWS\SYSTEM32\bcrypt.dll
0x00007ffbc2d90000 - 0x00007ffbc2d9f000 	C:\Users\WooJin\Anaconda3\python3.dll
0x0000000060900000 - 0x0000000060945000 	C:\Users\WooJin\Anaconda3\DLLs\_decimal.pyd
0x00007ffba9590000 - 0x00007ffba972c000 	C:\Users\WooJin\Anaconda3\DLLs\_hashlib.pyd
0x00000000608e0000 - 0x00000000608fa000 	C:\Users\WooJin\Anaconda3\DLLs\_bz2.pyd
0x00007ffbaf550000 - 0x00007ffbaf592000 	C:\Users\WooJin\Anaconda3\DLLs\_lzma.pyd
0x00000000608c0000 - 0x00000000608d5000 	C:\Users\WooJin\Anaconda3\DLLs\_socket.pyd
0x00000000608b0000 - 0x00000000608ba000 	C:\Users\WooJin\Anaconda3\DLLs\select.pyd
0x00000000607d0000 - 0x00000000608b0000 	C:\Users\WooJin\Anaconda3\DLLs\unicodedata.pyd
0x00007ffbaa500000 - 0x00007ffbaa6fd000 	C:\Users\WooJin\Anaconda3\DLLs\_ssl.pyd
0x00007ffbddbf0000 - 0x00007ffbdddd2000 	C:\WINDOWS\System32\CRYPT32.dll
0x00007ffbdda60000 - 0x00007ffbdda72000 	C:\WINDOWS\System32\MSASN1.dll
0x00000000607a0000 - 0x00000000607c4000 	C:\Users\WooJin\Anaconda3\DLLs\_ctypes.pyd
0x00007ffbdf570000 - 0x00007ffbdf6c1000 	C:\WINDOWS\System32\ole32.dll
0x00007ffbdf2d0000 - 0x00007ffbdf392000 	C:\WINDOWS\System32\OLEAUT32.dll
0x00007ffbd9100000 - 0x00007ffbd9109000 	C:\Users\WooJin\Anaconda3\lib\site-packages\markupsafe\_speedups.cp36-win_amd64.pyd
0x0000000060790000 - 0x000000006079e000 	C:\Users\WooJin\Anaconda3\DLLs\_overlapped.pyd
0x00007ffbdd290000 - 0x00007ffbdd2f6000 	C:\WINDOWS\system32\mswsock.dll
0x0000000060780000 - 0x000000006078b000 	C:\Users\WooJin\Anaconda3\DLLs\_multiprocessing.pyd
0x00007ffbc6a90000 - 0x00007ffbc6aa1000 	C:\Users\WooJin\Anaconda3\DLLs\_asyncio.pyd
0x0000000060760000 - 0x0000000060779000 	C:\Users\WooJin\Anaconda3\DLLs\_sqlite3.pyd
0x00007ffbaa3e0000 - 0x00007ffbaa4fe000 	C:\Users\WooJin\Anaconda3\DLLs\sqlite3.dll
0x00007ffbdda40000 - 0x00007ffbdda51000 	C:\WINDOWS\System32\kernel.appcore.dll
0x00007ffbbd440000 - 0x00007ffbbd449000 	C:\Users\WooJin\Anaconda3\lib\site-packages\cryptography\hazmat\bindings\_constant_time.cp36-win_amd64.pyd
0x00007ffb98d10000 - 0x00007ffb98d42000 	C:\Users\WooJin\Anaconda3\lib\site-packages\_cffi_backend.cp36-win_amd64.pyd
0x00007ffb985f0000 - 0x00007ffb986a4000 	C:\Users\WooJin\Anaconda3\lib\site-packages\cryptography\hazmat\bindings\_openssl.cp36-win_amd64.pyd
0x00007ffb98590000 - 0x00007ffb985ec000 	C:\Users\WooJin\Anaconda3\Library\bin\SSLEAY32.dll
0x00007ffb98380000 - 0x00007ffb98588000 	C:\Users\WooJin\Anaconda3\Library\bin\LIBEAY32.dll
0x00007ffb98300000 - 0x00007ffb9837f000 	C:\Users\WooJin\Anaconda3\lib\site-packages\_jpype.cp36-win_amd64.pyd
0x00007ffb9e040000 - 0x00007ffb9e0db000 	C:\WINDOWS\SYSTEM32\MSVCP140.dll
0x0000000065240000 - 0x0000000066ec8000 	C:\Users\WooJin\Anaconda3\lib\site-packages\numpy\.libs\libopenblas.IPBC74C7KURV7CB2PKT5Z5FNR3SIBV4J.gfortran-win_amd64.dll
0x00007ffba8060000 - 0x00007ffba82e6000 	C:\Users\WooJin\Anaconda3\lib\site-packages\numpy\core\_multiarray_umath.cp36-win_amd64.pyd
0x00007ffbc1f60000 - 0x00007ffbc1f7e000 	C:\Users\WooJin\Anaconda3\lib\site-packages\numpy\core\_multiarray_tests.cp36-win_amd64.pyd
0x00007ffbc8ad0000 - 0x00007ffbc8adb000 	C:\Users\WooJin\Anaconda3\lib\site-packages\numpy\linalg\lapack_lite.cp36-win_amd64.pyd
0x00007ffbc1240000 - 0x00007ffbc1266000 	C:\Users\WooJin\Anaconda3\lib\site-packages\numpy\linalg\_umath_linalg.cp36-win_amd64.pyd
0x00007ffbc1220000 - 0x00007ffbc1239000 	C:\Users\WooJin\Anaconda3\lib\site-packages\numpy\fft\fftpack_lite.cp36-win_amd64.pyd
0x00007ffbc0ee0000 - 0x00007ffbc0f92000 	C:\Users\WooJin\Anaconda3\lib\site-packages\numpy\random\mtrand.cp36-win_amd64.pyd
0x00007ffbbd690000 - 0x00007ffbbd6be000 	C:\Users\WooJin\Anaconda3\lib\site-packages\pandas\_libs\tslib.cp36-win_amd64.pyd
0x00007ffbb3980000 - 0x00007ffbb39b7000 	C:\Users\WooJin\Anaconda3\lib\site-packages\pandas\_libs\tslibs\conversion.cp36-win_amd64.pyd
0x00007ffbc8090000 - 0x00007ffbc80a0000 	C:\Users\WooJin\Anaconda3\lib\site-packages\pandas\_libs\tslibs\np_datetime.cp36-win_amd64.pyd
0x00007ffbb2bd0000 - 0x00007ffbb2bfb000 	C:\Users\WooJin\Anaconda3\lib\site-packages\pandas\_libs\tslibs\nattype.cp36-win_amd64.pyd
0x00007ffbaedb0000 - 0x00007ffbaedfb000 	C:\Users\WooJin\Anaconda3\lib\site-packages\pandas\_libs\tslibs\timedeltas.cp36-win_amd64.pyd
0x00007ffbbcd20000 - 0x00007ffbbcd3d000 	C:\Users\WooJin\Anaconda3\lib\site-packages\pandas\_libs\tslibs\timezones.cp36-win_amd64.pyd
0x00007ffbb2180000 - 0x00007ffbb21b8000 	C:\Users\WooJin\Anaconda3\lib\site-packages\pandas\_libs\tslibs\parsing.cp36-win_amd64.pyd
0x00007ffbb3960000 - 0x00007ffbb3973000 	C:\Users\WooJin\Anaconda3\lib\site-packages\pandas\_libs\tslibs\ccalendar.cp36-win_amd64.pyd
0x00007ffbae0c0000 - 0x00007ffbae0f8000 	C:\Users\WooJin\Anaconda3\lib\site-packages\pandas\_libs\tslibs\strptime.cp36-win_amd64.pyd
0x00007ffbade00000 - 0x00007ffbade48000 	C:\Users\WooJin\Anaconda3\lib\site-packages\pandas\_libs\tslibs\timestamps.cp36-win_amd64.pyd
0x00007ffbae910000 - 0x00007ffbae932000 	C:\Users\WooJin\Anaconda3\lib\site-packages\pandas\_libs\tslibs\fields.cp36-win_amd64.pyd
0x00007ffbaa090000 - 0x00007ffbaa106000 	C:\Users\WooJin\Anaconda3\lib\site-packages\pandas\_libs\hashtable.cp36-win_amd64.pyd
0x00007ffbb3780000 - 0x00007ffbb3799000 	C:\Users\WooJin\Anaconda3\lib\site-packages\pandas\_libs\missing.cp36-win_amd64.pyd
0x00007ffbaa010000 - 0x00007ffbaa083000 	C:\Users\WooJin\Anaconda3\lib\site-packages\pandas\_libs\lib.cp36-win_amd64.pyd
0x00007ffb9e110000 - 0x00007ffb9e23f000 	C:\Users\WooJin\Anaconda3\lib\site-packages\pandas\_libs\algos.cp36-win_amd64.pyd
0x00007ffbaf900000 - 0x00007ffbaf914000 	C:\Users\WooJin\Anaconda3\lib\site-packages\pandas\_libs\properties.cp36-win_amd64.pyd
0x00007ffbaf880000 - 0x00007ffbaf894000 	C:\Users\WooJin\Anaconda3\lib\site-packages\pandas\_libs\hashing.cp36-win_amd64.pyd
0x00007ffbaf3f0000 - 0x00007ffbaf40c000 	C:\Users\WooJin\Anaconda3\lib\site-packages\bottleneck\reduce.cp36-win_amd64.pyd
0x00007ffbc17c0000 - 0x00007ffbc17cb000 	C:\Users\WooJin\Anaconda3\lib\site-packages\bottleneck\nonreduce.cp36-win_amd64.pyd
0x00007ffbc1210000 - 0x00007ffbc1220000 	C:\Users\WooJin\Anaconda3\lib\site-packages\bottleneck\nonreduce_axis.cp36-win_amd64.pyd
0x00007ffbaca30000 - 0x00007ffbaca4d000 	C:\Users\WooJin\Anaconda3\lib\site-packages\bottleneck\move.cp36-win_amd64.pyd
0x00007ffbac5c0000 - 0x00007ffbac62a000 	C:\Users\WooJin\Anaconda3\lib\site-packages\pandas\_libs\index.cp36-win_amd64.pyd
0x00007ffbab340000 - 0x00007ffbab38a000 	C:\Users\WooJin\Anaconda3\lib\site-packages\pandas\_libs\tslibs\period.cp36-win_amd64.pyd
0x00007ffbac1c0000 - 0x00007ffbac1e1000 	C:\Users\WooJin\Anaconda3\lib\site-packages\pandas\_libs\tslibs\frequencies.cp36-win_amd64.pyd
0x00007ffbaa3a0000 - 0x00007ffbaa3d7000 	C:\Users\WooJin\Anaconda3\lib\site-packages\pandas\_libs\tslibs\resolution.cp36-win_amd64.pyd
0x00007ffba9fc0000 - 0x00007ffbaa00c000 	C:\Users\WooJin\Anaconda3\lib\site-packages\pandas\_libs\tslibs\offsets.cp36-win_amd64.pyd
0x00007ffb99340000 - 0x00007ffb994d4000 	C:\Users\WooJin\Anaconda3\lib\site-packages\pandas\_libs\join.cp36-win_amd64.pyd
0x00007ffba9fa0000 - 0x00007ffba9fba000 	C:\Users\WooJin\Anaconda3\lib\site-packages\pandas\_libs\ops.cp36-win_amd64.pyd
0x00007ffb99170000 - 0x00007ffb99340000 	C:\Users\WooJin\Anaconda3\lib\site-packages\pandas\_libs\interval.cp36-win_amd64.pyd
0x00007ffbbdfc0000 - 0x00007ffbbdfcf000 	C:\Users\WooJin\Anaconda3\lib\site-packages\pandas\_libs\indexing.cp36-win_amd64.pyd
0x00007ffba9f20000 - 0x00007ffba9f59000 	C:\Users\WooJin\Anaconda3\lib\site-packages\pandas\_libs\internals.cp36-win_amd64.pyd
0x00007ffba7fb0000 - 0x00007ffba8060000 	C:\Users\WooJin\Anaconda3\lib\site-packages\pandas\_libs\sparse.cp36-win_amd64.pyd
0x00007ffb9e0e0000 - 0x00007ffb9e10e000 	C:\Users\WooJin\Anaconda3\lib\site-packages\matplotlib\_path.cp36-win_amd64.pyd
0x00007ffb9dfb0000 - 0x00007ffb9e03b000 	C:\Users\WooJin\Anaconda3\lib\site-packages\pandas\_libs\window.cp36-win_amd64.pyd
0x00007ffba9f00000 - 0x00007ffba9f1a000 	C:\Users\WooJin\Anaconda3\lib\site-packages\pandas\_libs\skiplist.cp36-win_amd64.pyd
0x00007ffb9d780000 - 0x00007ffb9d7bc000 	C:\Users\WooJin\Anaconda3\lib\site-packages\pandas\_libs\reduction.cp36-win_amd64.pyd
0x00007ffb990d0000 - 0x00007ffb9916b000 	C:\Users\WooJin\Anaconda3\lib\site-packages\pandas\_libs\groupby.cp36-win_amd64.pyd
0x00007ffb9df90000 - 0x00007ffb9dfae000 	C:\Users\WooJin\Anaconda3\lib\site-packages\pandas\_libs\reshape.cp36-win_amd64.pyd
0x00007ffb99060000 - 0x00007ffb990cb000 	C:\Users\WooJin\Anaconda3\lib\site-packages\pandas\_libs\parsers.cp36-win_amd64.pyd
0x00007ffb99040000 - 0x00007ffb99057000 	C:\Users\WooJin\Anaconda3\lib\site-packages\pandas\_libs\json.cp36-win_amd64.pyd
0x00007ffb98db0000 - 0x00007ffb98de2000 	C:\Users\WooJin\Anaconda3\lib\site-packages\pandas\_libs\writers.cp36-win_amd64.pyd
0x00007ffb98d90000 - 0x00007ffb98da6000 	C:\Users\WooJin\Anaconda3\lib\site-packages\pandas\io\msgpack\_packer.cp36-win_amd64.pyd
0x00007ffb98d70000 - 0x00007ffb98d8a000 	C:\Users\WooJin\Anaconda3\lib\site-packages\pandas\io\msgpack\_unpacker.cp36-win_amd64.pyd
0x00007ffbbd7c0000 - 0x00007ffbbd7c9000 	C:\Users\WooJin\Anaconda3\lib\site-packages\pandas\util\_move.cp36-win_amd64.pyd
0x00007ffb98d50000 - 0x00007ffb98d66000 	C:\Users\WooJin\Anaconda3\lib\site-packages\pandas\_libs\testing.cp36-win_amd64.pyd
0x00007ffbb2f60000 - 0x00007ffbb2f6a000 	C:\Users\WooJin\Anaconda3\lib\site-packages\sklearn\__check_build\_check_build.cp36-win_amd64.pyd
0x00007ffb97e60000 - 0x00007ffb97e75000 	C:\Users\WooJin\Anaconda3\lib\site-packages\scipy\_lib\_ccallback_c.cp36-win_amd64.pyd
0x00007ffb97c00000 - 0x00007ffb97e58000 	C:\Users\WooJin\Anaconda3\lib\site-packages\scipy\sparse\_sparsetools.cp36-win_amd64.pyd
0x00007ffb97b90000 - 0x00007ffb97bf7000 	C:\Users\WooJin\Anaconda3\lib\site-packages\scipy\sparse\_csparsetools.cp36-win_amd64.pyd
0x00007ffb97b50000 - 0x00007ffb97b81000 	C:\Users\WooJin\Anaconda3\lib\site-packages\scipy\sparse\csgraph\_shortest_path.cp36-win_amd64.pyd
0x00007ffb97b20000 - 0x00007ffb97b42000 	C:\Users\WooJin\Anaconda3\lib\site-packages\scipy\sparse\csgraph\_tools.cp36-win_amd64.pyd
0x00007ffb97b00000 - 0x00007ffb97b20000 	C:\Users\WooJin\Anaconda3\lib\site-packages\scipy\sparse\csgraph\_traversal.cp36-win_amd64.pyd
0x00007ffb97ad0000 - 0x00007ffb97afb000 	C:\Users\WooJin\Anaconda3\lib\site-packages\scipy\sparse\csgraph\_min_spanning_tree.cp36-win_amd64.pyd
0x00007ffb97a80000 - 0x00007ffb97ac1000 	C:\Users\WooJin\Anaconda3\lib\site-packages\scipy\sparse\csgraph\_reordering.cp36-win_amd64.pyd
0x00007ffb97a60000 - 0x00007ffb97a76000 	C:\Users\WooJin\Anaconda3\lib\site-packages\sklearn\utils\murmurhash.cp36-win_amd64.pyd
0x00007ffb97a20000 - 0x00007ffb97a55000 	C:\Users\WooJin\Anaconda3\lib\site-packages\scipy\sparse\linalg\isolve\_iterative.cp36-win_amd64.pyd
0x00007ffb976c0000 - 0x00007ffb97a1a000 	C:\Users\WooJin\Anaconda3\Library\bin\libmmd.dll
0x00007ffb93c50000 - 0x00007ffb94975000 	C:\Users\WooJin\Anaconda3\Library\bin\mkl_rt.dll
0x00007ffb97620000 - 0x00007ffb976b4000 	C:\Users\WooJin\Anaconda3\lib\site-packages\scipy\linalg\_fblas.cp36-win_amd64.pyd
0x00007ffb974f0000 - 0x00007ffb9761a000 	C:\Users\WooJin\Anaconda3\lib\site-packages\scipy\linalg\_flapack.cp36-win_amd64.pyd
0x00007ffb974d0000 - 0x00007ffb974e3000 	C:\Users\WooJin\Anaconda3\lib\site-packages\scipy\linalg\_flinalg.cp36-win_amd64.pyd
0x00007ffb97490000 - 0x00007ffb974c5000 	C:\Users\WooJin\Anaconda3\lib\site-packages\scipy\linalg\_solve_toeplitz.cp36-win_amd64.pyd
0x00007ffb97440000 - 0x00007ffb97483000 	C:\Users\WooJin\Anaconda3\lib\site-packages\scipy\linalg\_decomp_update.cp36-win_amd64.pyd
0x00007ffb97400000 - 0x00007ffb9743b000 	C:\Users\WooJin\Anaconda3\lib\site-packages\scipy\linalg\cython_blas.cp36-win_amd64.pyd
0x00007ffb95bf0000 - 0x00007ffb95c87000 	C:\Users\WooJin\Anaconda3\lib\site-packages\scipy\linalg\cython_lapack.cp36-win_amd64.pyd
0x00007ffb973b0000 - 0x00007ffb973fe000 	C:\Users\WooJin\Anaconda3\lib\site-packages\scipy\sparse\linalg\dsolve\_superlu.cp36-win_amd64.pyd

dbghelp: loaded successfully - version: 4.0.5 - missing functions: none
symbol engine: initialized successfully - sym options: 0x614 - pdb path: .;C:\Users\WooJin\Anaconda3;C:\WINDOWS\SYSTEM32;C:\Users\WooJin\Anaconda3\DLLs;C:\Users\WooJin\Anaconda3\lib\site-packages\markupsafe;C:\Users\WooJin\Anaconda3\lib\site-packages\cryptography\hazmat\bindings;C:\Users\WooJin\Anaconda3\lib\site-packages;C:\Users\WooJin\Anaconda3\Library\bin;C:\Users\WooJin\Anaconda3\lib\site-packages\numpy\.libs;C:\Users\WooJin\Anaconda3\lib\site-packages\numpy\core;C:\Users\WooJin\Anaconda3\lib\site-packages\numpy\linalg;C:\Users\WooJin\Anaconda3\lib\site-packages\numpy\fft;C:\Users\WooJin\Anaconda3\lib\site-packages\numpy\random;C:\Users\WooJin\Anaconda3\lib\site-packages\pandas\_libs;C:\Users\WooJin\Anaconda3\lib\site-packages\pandas\_libs\tslibs;C:\Users\WooJin\Anaconda3\lib\site-packages\bottleneck;C:\Users\WooJin\Anaconda3\lib\site-packages\matplotlib;C:\Users\WooJin\Anaconda3\lib\site-packages\pandas\io\msgpack;C:\Users\WooJin\Anaconda3\lib\site-packages\pandas\util;C:\Users\WooJin\Anaconda3\lib\site-packages\sklearn\__check_build;C:\Users\WooJin\Anaconda3\lib\site-packages\scipy\_lib;C:\Users\WooJin\Anaconda3\lib\site-packages\scipy\sparse;C:\Users\WooJin\Anaconda3\lib\site-packages\scipy\sparse\csgraph;C:\Users\WooJin\Anaconda3\lib\site-packages\sklearn\utils;C:\Users\WooJin\Anaconda3\lib\site-packages\scipy\sparse\linalg\isolve;C:\Users\WooJin\Anaconda3\lib\site-packages\scipy\linalg;C:\Users\WooJin\Anaconda3\lib\site-packages\scipy\sparse\linalg\dsolve;C:\Users\WooJin\Anaconda3\lib\site-packages\scipy\sparse\linalg\eigen\arpack;C:\Users\WooJin\Anaconda3\lib\site-packages\scipy\special;C:\Users\WooJin\Anaconda3\lib\site-packages\sklearn\feature_extraction;C:\Users\WooJin\Anaconda3\lib\site-packages\scipy\interpolate;C:\Users\WooJin\Anaconda3\lib\site-packages\scipy\spatial;C:\Users\WooJin\Anaconda3\lib\site-packages\PIL;C:\Users\WooJin\Anaconda3\lib\site-packages\scipy\optimize;C:\Users\WooJin\Anaconda3\lib\site-packages\scipy\optimize\_trlib;C:\Users\WooJin\Anaconda3\lib\site-packages\scipy\optimize\_lsq;C:\Users\WooJin\Anaconda3\lib\site-packages\scipy\integrate;C:\Users\WooJin\Anaconda3\lib\site-packages\scipy\stats;C:\Users\WooJin\Anaconda3\lib\site-packages\sklearn\metrics\cluster;C:\Users\WooJin\Anaconda3\lib\site-packages\sklearn\metrics;C:\Users\WooJin\Anaconda3\lib\site-packages\sklearn\linear_model;C:\Users\WooJin\Anaconda3\lib\site-packages\sklearn\svm;C:\Users\WooJin\Anaconda3\lib\site-packages\sklearn\neighbors;C:\Program Files\Java\jdk-11.0.2\bin\server;C:\Program Files\Java\jdk-11.0.2\bin

VM Arguments:
jvm_args: -Dfile.encoding=UTF8 -ea -Xmx1024m 
java_command: <unknown>
java_class_path (initial): C:\Users\WooJin\Anaconda3\lib\site-packages\konlpy\java;C:\Users\WooJin\Anaconda3\lib\site-packages\konlpy\java\bin;C:\Users\WooJin\Anaconda3\lib\site-packages\konlpy\java\*;C:\Users\WooJin\Anaconda3\lib\site-packages\konlpy\java\jhannanum-0.8.4.jar;C:\Users\WooJin\Anaconda3\lib\site-packages\konlpy\java\kkma-2.0.jar;C:\Users\WooJin\Anaconda3\lib\site-packages\konlpy\java\aho-corasick.jar;C:\Users\WooJin\Anaconda3\lib\site-packages\konlpy\java\shineware-common-1.0.jar;C:\Users\WooJin\Anaconda3\lib\site-packages\konlpy\java\shineware-ds-1.0.jar;C:\Users\WooJin\Anaconda3\lib\site-packages\konlpy\java\komoran-3.0.jar;C:\Users\WooJin\Anaconda3\lib\site-packages\konlpy\java\snakeyaml-1.12.jar;C:\Users\WooJin\Anaconda3\lib\site-packages\konlpy\java\scala-library-2.12.3.jar;C:\Users\WooJin\Anaconda3\lib\site-packages\konlpy\java\open-korean-text-2.1.0.jar;C:\Users\WooJin\Anaconda3\lib\site-packages\konlpy\java\twitter-text-1.14.7.jar;C:\Users\WooJin\Anaconda3\lib\site-packages\konlpy\java\*
Launcher Type: generic

[Global flags]
     intx CICompilerCount                          = 3                                         {product} {ergonomic}
     uint ConcGCThreads                            = 1                                         {product} {ergonomic}
     uint G1ConcRefinementThreads                  = 4                                         {product} {ergonomic}
   size_t G1HeapRegionSize                         = 1048576                                   {product} {ergonomic}
    uintx GCDrainStackTargetSize                   = 64                                        {product} {ergonomic}
   size_t InitialHeapSize                          = 134217728                                 {product} {ergonomic}
   size_t MarkStackSize                            = 4194304                                   {product} {ergonomic}
   size_t MaxHeapSize                              = 1073741824                                {product} {command line}
   size_t MaxNewSize                               = 643825664                                 {product} {ergonomic}
   size_t MinHeapDeltaBytes                        = 1048576                                   {product} {ergonomic}
    uintx NonNMethodCodeHeapSize                   = 5830092                                {pd product} {ergonomic}
    uintx NonProfiledCodeHeapSize                  = 122914074                              {pd product} {ergonomic}
    uintx ProfiledCodeHeapSize                     = 122914074                              {pd product} {ergonomic}
    uintx ReservedCodeCacheSize                    = 251658240                              {pd product} {ergonomic}
     bool SegmentedCodeCache                       = true                                      {product} {ergonomic}
     bool UseCompressedClassPointers               = true                                 {lp64_product} {ergonomic}
     bool UseCompressedOops                        = true                                 {lp64_product} {ergonomic}
     bool UseG1GC                                  = true                                      {product} {ergonomic}
     bool UseLargePagesIndividualAllocation        = false                                  {pd product} {ergonomic}

Logging:
Log output configuration:
 #0: stdout all=warning uptime,level,tags
 #1: stderr all=off uptime,level,tags

Environment Variables:
JAVA_HOME=C:\Program Files\Java\jdk-11.0.2
PATH=C:\Users\WooJin\Anaconda3\Library\bin;C:\Program Files (x86)\Intel\iCLS Client\;C:\Program Files\Intel\iCLS Client\;C:\WINDOWS\system32;C:\WINDOWS;C:\WINDOWS\System32\Wbem;C:\WINDOWS\System32\WindowsPowerShell\v1.0\;C:\Program Files\Intel\WiFi\bin\;C:\Program Files\Common Files\Intel\WirelessCommon\;C:\Program Files (x86)\Intel\Intel(R) Management Engine Components\DAL;C:\Program Files\Intel\Intel(R) Management Engine Components\DAL;C:\Program Files (x86)\Intel\Intel(R) Management Engine Components\IPT;C:\Program Files\Intel\Intel(R) Management Engine Components\IPT;C:\Program Files\Microsoft SQL Server\130\Tools\Binn\;c:\Program Files (x86)\Microsoft SQL Server\100\Tools\Binn\;c:\Program Files\Microsoft SQL Server\100\Tools\Binn\;C:\Program Files (x86)\Windows Live\Shared;C:\Program Files\nodejs\;C:\WINDOWS\System32\OpenSSH\;C:\Program Files\Microsoft VS Code\bin;C:\WINDOWS\system32\config\systemprofile\.dnx\bin;C:\Program Files\Microsoft DNX\Dnvm\;C:\Program Files\Git\cmd;C:\Program Files\Intel\WiFi\bin\;C:\Program Files\Common Files\Intel\WirelessCommon\;C:\Users\WooJin\AppData\Local\Microsoft\WindowsApps;C:\Users\WooJin\AppData\Local\atom\bin;C:\Program Files\Microsoft VS Code\bin;C:\Users\WooJin\AppData\Roaming\npm;C:\Users\WooJin\AppData\Local\GitHubDesktop\bin;C:\Program Files\Java\jdk-11.0.2\bin;C:\Go\bin;C:\Users\WooJin\Anaconda3;;C:\Users\WooJin\Anaconda3\lib\site-packages\numpy\.libs
USERNAME=WooJin
OS=Windows_NT
PROCESSOR_IDENTIFIER=Intel64 Family 6 Model 78 Stepping 3, GenuineIntel



---------------  S Y S T E M  ---------------

OS: Windows 10 , 64 bit Build 17134 (10.0.17134.753)

CPU:total 4 (initial active 4) (2 cores per cpu, 2 threads per core) family 6 model 78 stepping 3, cmov, cx8, fxsr, mmx, sse, sse2, sse3, ssse3, sse4.1, sse4.2, popcnt, avx, avx2, aes, clmul, erms, 3dnowpref, lzcnt, ht, tsc, tscinvbit, bmi1, bmi2, adx, fma

Memory: 4k page, system-wide physical 8108M (1918M free)
TotalPageFile size 12599M (AvailPageFile size 2243M)
current process WorkingSet (physical memory assigned to process): 487M, peak: 506M
current process commit charge ("private bytes"): 615M, peak: 749M

vm_info: Java HotSpot(TM) 64-Bit Server VM (11.0.2+9-LTS) for windows-amd64 JRE (11.0.2+9-LTS), built on Jan 18 2019 05:24:10 by "mach5one" with MS VC++ 15.5 (VS2017)

END.
